GROUP,PACKAGE,CLASS,INSTRUCTION_MISSED,INSTRUCTION_COVERED,BRANCH_MISSED,BRANCH_COVERED,LINE_MISSED,LINE_COVERED,COMPLEXITY_MISSED,COMPLEXITY_COVERED,METHOD_MISSED,METHOD_COVERED
JabRef,org.jabref.logic.msbib,MSBibEntry,8,981,7,61,2,189,8,44,1,17
JabRef,org.jabref.logic.msbib,MSBibEntryType,0,105,0,0,0,18,0,1,0,1
JabRef,org.jabref.logic.msbib,MSBibConverter,35,440,7,35,4,66,8,28,1,14
JabRef,org.jabref.logic.msbib,BibTeXConverter,6,315,2,26,1,62,2,16,0,4
JabRef,org.jabref.logic.msbib,MSBibMapping,0,686,0,0,0,117,0,7,0,7
JabRef,org.jabref.logic.msbib,MSBibDatabase,22,195,3,9,7,51,3,9,0,6
JabRef,org.jabref.logic.msbib,PageNumbers,59,47,2,4,14,13,3,6,2,4
JabRef,org.jabref.logic.msbib,MsBibAuthor,7,91,1,5,1,24,1,11,0,9
JabRef,org.jabref.gui.help,ErrorConsoleAction,13,0,0,0,4,0,2,0,2,0
JabRef,org.jabref.gui.help,VersionWorker,176,0,16,0,37,0,19,0,11,0
JabRef,org.jabref.gui.help,AboutDialogViewModel,272,0,4,0,62,0,26,0,24,0
JabRef,org.jabref.gui.help,NewVersionDialog,161,0,4,0,24,0,5,0,3,0
JabRef,org.jabref.gui.help,AboutAction,20,0,0,0,7,0,3,0,3,0
JabRef,org.jabref.gui.help,SearchForUpdateAction,35,0,0,0,10,0,2,0,2,0
JabRef,org.jabref.gui.help,AboutDialogView,86,0,0,0,30,0,13,0,13,0
JabRef,org.jabref.gui.help,HelpAction,35,0,0,0,11,0,3,0,3,0
JabRef,org.jabref.gui.preferences.protectedterms,NewProtectedTermsFileDialog,194,0,2,0,26,0,5,0,4,0
JabRef,org.jabref.gui.preferences.protectedterms,ProtectedTermsTabViewModel,343,0,16,0,81,0,20,0,12,0
JabRef,org.jabref.gui.preferences.protectedterms,ProtectedTermsListItemModel,51,0,0,0,11,0,6,0,6,0
JabRef,org.jabref.gui.preferences.protectedterms,ProtectedTermsTab,259,0,2,0,47,0,20,0,19,0
JabRef,org.jabref.gui.preferences.protectedterms,ProtectedTermsTab.ContextAction,68,0,9,0,14,0,8,0,2,0
JabRef,org.jabref.logic.openoffice.action,EditMerge,443,0,58,0,110,0,35,0,6,0
JabRef,org.jabref.logic.openoffice.action,Update,64,0,4,0,14,0,5,0,3,0
JabRef,org.jabref.logic.openoffice.action,EditSeparate,103,0,8,0,27,0,5,0,1,0
JabRef,org.jabref.logic.openoffice.action,ExportCited.GenerateDatabaseResult,9,0,0,0,4,0,1,0,1,0
JabRef,org.jabref.logic.openoffice.action,ExportCited,111,0,8,0,27,0,6,0,2,0
JabRef,org.jabref.logic.openoffice.action,EditInsert,96,0,8,0,23,0,6,0,2,0
JabRef,org.jabref.logic.openoffice.action,Update.SyncOptions,22,0,0,0,9,0,3,0,3,0
JabRef,org.jabref.logic.openoffice.action,ManageCitations,19,0,0,0,5,0,2,0,2,0
JabRef,org.jabref.logic.openoffice.action,EditMerge.JoinableGroupData,9,0,0,0,4,0,1,0,1,0
JabRef,org.jabref.logic.openoffice.action,EditMerge.ScanState,23,0,0,0,9,0,2,0,2,0
JabRef,org.jabref.gui.preferences,PreferenceTabViewModel,4,0,0,0,2,0,2,0,2,0
JabRef,org.jabref.gui.preferences,PreferencesDialogViewModel,454,0,14,0,85,0,20,0,13,0
JabRef,org.jabref.gui.preferences,AbstractPreferenceTabView,21,0,0,0,8,0,6,0,6,0
JabRef,org.jabref.gui.preferences,ShowPreferencesAction,31,0,0,0,10,0,3,0,3,0
JabRef,org.jabref.gui.preferences,PreferencesFilterDialog,155,0,6,0,27,0,13,0,10,0
JabRef,org.jabref.gui.preferences,PreferencesSearchHandler,193,0,22,0,49,0,22,0,11,0
JabRef,org.jabref.gui.preferences,PreferencesDialogView,244,0,10,0,64,0,21,0,16,0
JabRef,org.jabref.logic.formatter.minifier,MinifyNameListFormatter,0,83,0,12,0,20,0,13,0,7
JabRef,org.jabref.logic.formatter.minifier,TruncateFormatter,0,45,0,2,0,11,0,7,0,6
JabRef,org.jabref.gui.maintable.columns,SpecialFieldColumn,290,0,18,0,63,0,23,0,14,0
JabRef,org.jabref.gui.maintable.columns,LinkedIdentifierColumn,214,0,10,0,47,0,15,0,10,0
JabRef,org.jabref.gui.maintable.columns,MainTableColumn,62,0,0,0,15,0,7,0,7,0
JabRef,org.jabref.gui.maintable.columns,LibraryColumn,32,0,0,0,8,0,3,0,3,0
JabRef,org.jabref.gui.maintable.columns,FieldColumn,73,0,8,0,17,0,9,0,5,0
JabRef,org.jabref.gui.maintable.columns,FileColumn,269,0,14,0,63,0,19,0,12,0
JabRef,org.jabref.logic.util.io,BackupFileUtil,10,131,1,3,4,28,1,7,0,6
JabRef,org.jabref.logic.util.io,AutoLinkPreferences,62,32,0,0,18,7,10,2,10,2
JabRef,org.jabref.logic.util.io,CitationKeyBasedFileFinder,9,164,1,21,3,36,1,15,0,5
JabRef,org.jabref.logic.util.io,FileNameCleaner,0,74,1,11,0,14,1,7,0,2
JabRef,org.jabref.logic.util.io,DatabaseFileLookup,43,48,3,1,9,10,5,3,3,3
JabRef,org.jabref.logic.util.io,AutoLinkPreferences.CitationKeyDependency,0,21,0,0,0,4,0,1,0,1
JabRef,org.jabref.logic.util.io,XMLUtil.NodeListWrapper,0,15,0,0,0,5,0,3,0,3
JabRef,org.jabref.logic.util.io,FileHistory,13,56,1,1,2,15,2,8,1,8
JabRef,org.jabref.logic.util.io,FileNameUniqueness,61,144,7,11,12,31,9,7,3,4
JabRef,org.jabref.logic.util.io,RegExpBasedFileFinder,67,439,4,30,15,80,4,23,0,10
JabRef,org.jabref.logic.util.io,FileFinders,21,12,3,1,3,2,4,1,1,1
JabRef,org.jabref.logic.util.io,FileUtil,107,724,14,56,23,116,17,54,7,29
JabRef,org.jabref.logic.util.io,XMLUtil,41,63,2,6,14,13,3,8,1,6
JabRef,org.jabref.gui.openoffice,ManageCitationsDialogView,165,0,6,0,31,0,11,0,8,0
JabRef,org.jabref.gui.openoffice,OOBibBaseConnect,245,0,26,0,71,0,27,0,14,0
JabRef,org.jabref.gui.openoffice,OpenOfficePanel,1730,0,114,0,312,0,100,0,43,0
JabRef,org.jabref.gui.openoffice,OOBibBase,1517,0,94,0,363,0,86,0,38,0
JabRef,org.jabref.gui.openoffice,Bootstrap,356,0,20,0,87,0,23,0,13,0
JabRef,org.jabref.gui.openoffice,AdvancedCiteDialogViewModel,28,0,0,0,7,0,4,0,4,0
JabRef,org.jabref.gui.openoffice,StyleSelectDialogViewModel,297,0,8,0,59,0,19,0,15,0
JabRef,org.jabref.gui.openoffice,DetectOpenOfficeInstallation,138,0,20,0,36,0,16,0,6,0
JabRef,org.jabref.gui.openoffice,OOError,186,0,0,0,46,0,16,0,16,0
JabRef,org.jabref.gui.openoffice,CitationEntryViewModel,61,0,0,0,14,0,6,0,6,0
JabRef,org.jabref.gui.openoffice,ManageCitationsDialogViewModel,66,0,4,0,17,0,5,0,3,0
JabRef,org.jabref.gui.openoffice,Bootstrap.new Thread() {...},48,0,2,0,13,0,3,0,2,0
JabRef,org.jabref.gui.openoffice,StyleSelectDialogView,317,0,8,0,59,0,22,0,18,0
JabRef,org.jabref.gui.openoffice,AdvancedCiteDialogView,53,0,2,0,15,0,4,0,3,0
JabRef,org.jabref.gui.openoffice,StyleSelectItemViewModel,75,0,0,0,19,0,8,0,8,0
JabRef,org.jabref.gui.openoffice,OOBibBaseConnect.new Object() {...},19,0,0,0,6,0,3,0,3,0
JabRef,org.jabref.gui.openoffice,OpenOfficePanel.new Task() {...},5,0,0,0,2,0,2,0,2,0
JabRef,org.jabref.gui.openoffice,OpenOfficePanel.new Task() {...},24,0,0,0,4,0,2,0,2,0
JabRef,org.jabref.gui.mergeentries.newmergedialog.diffhighlighter,DiffHighlighter,43,0,0,0,13,0,6,0,6,0
JabRef,org.jabref.gui.mergeentries.newmergedialog.diffhighlighter,DiffHighlighter.BasicDiffMethod,35,0,0,0,6,0,3,0,3,0
JabRef,org.jabref.gui.mergeentries.newmergedialog.diffhighlighter,DiffHighlighter.ChangeType,21,0,0,0,2,0,1,0,1,0
JabRef,org.jabref.gui.mergeentries.newmergedialog.diffhighlighter,DiffHighlighter.Change,12,0,0,0,1,0,1,0,1,0
JabRef,org.jabref.gui.mergeentries.newmergedialog.diffhighlighter,UnifiedDiffHighlighter,327,0,28,0,63,0,20,0,5,0
JabRef,org.jabref.gui.mergeentries.newmergedialog.diffhighlighter,SplitDiffHighlighter,201,0,10,0,40,0,12,0,6,0
JabRef,org.jabref.gui.theme,ThemeManager,93,333,18,8,25,81,17,29,4,29
JabRef,org.jabref.gui.theme,Theme.Type,0,21,0,0,0,2,0,1,0,1
JabRef,org.jabref.gui.theme,StyleSheetDataUrl,36,0,0,0,9,0,7,0,7,0
JabRef,org.jabref.gui.theme,ThemeTypes,44,0,0,0,8,0,3,0,3,0
JabRef,org.jabref.gui.theme,StyleSheetFile,7,150,2,12,2,36,2,14,0,9
JabRef,org.jabref.gui.theme,Theme,63,85,10,10,10,24,10,10,4,6
JabRef,org.jabref.gui.theme,StyleSheet,31,84,1,9,6,19,3,7,2,3
JabRef,org.jabref.gui.theme,StyleSheetResource,19,0,0,0,7,0,5,0,5,0
JabRef,org.jabref.gui.preferences.externalfiletypes,EditExternalFileTypeEntryDialog,202,0,2,0,37,0,7,0,6,0
JabRef,org.jabref.gui.preferences.externalfiletypes,ExternalFileTypesTabViewModel,150,92,8,10,35,22,14,10,8,7
JabRef,org.jabref.gui.preferences.externalfiletypes,ExternalFileTypesTab,239,0,4,0,52,0,25,0,23,0
JabRef,org.jabref.gui.preferences.externalfiletypes,ExternalFileTypeItemViewModel,32,82,0,0,8,19,2,7,2,7
JabRef,org.jabref.gui.preferences.externalfiletypes,EditExternalFileTypeViewModel,468,0,28,0,81,0,32,0,18,0
JabRef,org.jabref.gui.mergeentries.newmergedialog.cell,FieldValueCellViewModel,61,0,0,0,18,0,10,0,10,0
JabRef,org.jabref.gui.mergeentries.newmergedialog.cell,MergedFieldCell,83,0,0,0,22,0,4,0,4,0
JabRef,org.jabref.gui.mergeentries.newmergedialog.cell,ThreeWayMergeCellViewModel,9,102,1,7,3,25,4,12,3,9
JabRef,org.jabref.gui.mergeentries.newmergedialog.cell,OpenExternalLinkAction,46,0,2,0,16,0,3,0,2,0
JabRef,org.jabref.gui.mergeentries.newmergedialog.cell,FieldValueCell,422,0,18,0,91,0,33,0,24,0
JabRef,org.jabref.gui.mergeentries.newmergedialog.cell,CopyFieldValueCommand,22,0,0,0,7,0,2,0,2,0
JabRef,org.jabref.gui.mergeentries.newmergedialog.cell,HeaderCell,49,0,0,0,11,0,3,0,3,0
JabRef,org.jabref.gui.mergeentries.newmergedialog.cell,ThreeWayMergeCell,60,0,0,0,15,0,7,0,7,0
JabRef,org.jabref.gui.mergeentries.newmergedialog.cell,FieldNameCell,80,0,0,0,16,0,4,0,4,0
JabRef,org.jabref.gui.bibtexextractor,ExtractBibtexDialog,97,0,0,0,16,0,4,0,4,0
JabRef,org.jabref.gui.bibtexextractor,ExtractBibtexAction,31,0,0,0,9,0,2,0,2,0
JabRef,org.jabref.gui.bibtexextractor,BibtexExtractor,383,0,30,0,83,0,27,0,12,0
JabRef,org.jabref.gui.bibtexextractor,BibtexExtractorViewModel,191,0,6,0,40,0,15,0,12,0
JabRef,org.jabref.model.schema,DublinCoreSchemaCustom,7,68,0,6,3,20,0,8,0,5
JabRef,org.jabref.model.entry.event,EntryChangedEvent,0,17,0,0,0,5,0,3,0,3
JabRef,org.jabref.model.entry.event,FieldAddedOrRemovedEvent,0,5,0,0,0,2,0,1,0,1
JabRef,org.jabref.model.entry.event,EntriesEvent,0,24,0,0,0,8,0,4,0,4
JabRef,org.jabref.model.entry.event,FieldChangedEvent,33,96,4,10,10,24,7,9,3,6
JabRef,org.jabref.model.entry.event,EntriesEventSource,0,33,0,0,0,6,0,1,0,1
JabRef,org.jabref.model.texparser,Citation,44,195,10,18,6,35,11,13,1,9
JabRef,org.jabref.model.texparser,LatexParserResult,72,110,7,9,7,26,12,10,5,9
JabRef,org.jabref.model.texparser,LatexBibEntriesResolverResult,41,52,5,5,6,13,9,5,4,5
JabRef,org.jabref.gui.preferences.groups,GroupsTabViewModel,107,0,5,0,24,0,10,0,7,0
JabRef,org.jabref.gui.preferences.groups,GroupsTab,55,0,0,0,12,0,3,0,3,0
JabRef,org.jabref.logic.formatter.bibtexfields,AddBracesFormatter,12,30,0,6,3,6,3,6,3,3
JabRef,org.jabref.logic.formatter.bibtexfields,EscapeAmpersandsFormatter,13,152,12,38,3,39,10,21,0,6
JabRef,org.jabref.logic.formatter.bibtexfields,EscapeDollarSignFormatter,0,26,0,0,0,7,0,6,0,6
JabRef,org.jabref.logic.formatter.bibtexfields,RemoveRedundantSpacesFormatter,14,16,0,0,4,4,4,3,4,3
JabRef,org.jabref.logic.formatter.bibtexfields,RemoveDigitsFormatter,14,16,0,0,4,4,4,3,4,3
JabRef,org.jabref.logic.formatter.bibtexfields,HtmlToLatexFormatter,76,285,5,25,6,58,5,18,0,8
JabRef,org.jabref.logic.formatter.bibtexfields,OrdinalsToSuperscriptFormatter,0,38,0,2,0,11,0,8,0,7
JabRef,org.jabref.logic.formatter.bibtexfields,RegexFormatter,12,159,1,9,3,45,4,9,3,5
JabRef,org.jabref.logic.formatter.bibtexfields,TrimWhitespaceFormatter,14,9,0,0,4,3,4,2,4,2
JabRef,org.jabref.logic.formatter.bibtexfields,NormalizeNamesFormatter,0,27,0,0,0,8,0,6,0,6
JabRef,org.jabref.logic.formatter.bibtexfields,HtmlToUnicodeFormatter,0,23,0,0,0,6,0,6,0,6
JabRef,org.jabref.logic.formatter.bibtexfields,RemoveHyphenatedNewlinesFormatter,14,19,0,0,4,5,4,3,4,3
JabRef,org.jabref.logic.formatter.bibtexfields,ReplaceTabsBySpaceFormater,14,16,0,0,4,4,4,3,4,3
JabRef,org.jabref.logic.formatter.bibtexfields,ShortenDOIFormatter,8,50,0,2,3,12,0,9,0,8
JabRef,org.jabref.logic.formatter.bibtexfields,NormalizeMonthFormatter,0,30,0,0,0,8,0,6,0,6
JabRef,org.jabref.logic.formatter.bibtexfields,UnicodeToLatexFormatter,1,157,2,18,1,35,2,15,0,7
JabRef,org.jabref.logic.formatter.bibtexfields,ClearFormatter,0,22,0,0,0,7,0,6,0,6
JabRef,org.jabref.logic.formatter.bibtexfields,NormalizeEnDashesFormatter,12,10,0,0,3,3,3,3,3,3
JabRef,org.jabref.logic.formatter.bibtexfields,EscapeUnderscoresFormatter,0,30,0,0,0,8,0,7,0,7
JabRef,org.jabref.logic.formatter.bibtexfields,NormalizePagesFormatter,0,81,1,7,0,21,1,10,0,7
JabRef,org.jabref.logic.formatter.bibtexfields,RemoveNewlinesFormatter,14,19,0,0,4,5,4,3,4,3
JabRef,org.jabref.logic.formatter.bibtexfields,LatexCleanupFormatter,0,101,0,0,0,25,0,7,0,7
JabRef,org.jabref.logic.formatter.bibtexfields,NormalizeDateFormatter,0,27,0,0,0,7,0,6,0,6
JabRef,org.jabref.logic.formatter.bibtexfields,RemoveBracesFormatter,0,87,0,16,0,24,0,15,0,7
JabRef,org.jabref.logic.formatter.bibtexfields,CleanupUrlFormatter,0,46,0,2,0,13,0,8,0,7
JabRef,org.jabref.logic.formatter.bibtexfields,UnitsToLatexFormatter,0,365,0,8,0,27,0,11,0,7
JabRef,org.jabref.gui.autosaveandbackup,BackupManager,194,369,17,15,53,89,24,25,12,21
JabRef,org.jabref.gui.autosaveandbackup,AutosaveManager,129,0,6,0,38,0,14,0,11,0
JabRef,org.jabref.gui.sidepane,GroupsSidePaneComponent,59,0,0,0,14,0,4,0,4,0
JabRef,org.jabref.gui.sidepane,SidePaneViewModel.PreferredIndexSort,0,29,0,0,0,6,0,2,0,2
JabRef,org.jabref.gui.sidepane,SidePaneViewModel.MoveUpAction,15,0,0,0,5,0,2,0,2,0
JabRef,org.jabref.gui.sidepane,SidePaneComponent,184,0,6,0,38,0,11,0,8,0
JabRef,org.jabref.gui.sidepane,SidePaneType,6,53,0,0,2,10,2,3,2,3
JabRef,org.jabref.gui.sidepane,SidePaneViewModel,111,200,10,11,13,48,9,13,1,10
JabRef,org.jabref.gui.sidepane,SidePane,108,0,2,0,21,0,8,0,7,0
JabRef,org.jabref.gui.sidepane,SidePaneViewModel.ClosePaneAction,18,0,0,0,5,0,2,0,2,0
JabRef,org.jabref.gui.sidepane,TogglePaneAction,44,0,2,0,10,0,3,0,2,0
JabRef,org.jabref.gui.sidepane,SidePaneContentFactory,59,30,4,0,6,11,4,1,1,1
JabRef,org.jabref.gui.sidepane,SidePaneViewModel.MoveDownAction,15,0,0,0,5,0,2,0,2,0
JabRef,org.jabref.gui.sidepane,GroupsSidePaneComponent.ToggleUnionIntersectionAction,45,0,4,0,9,0,4,0,2,0
JabRef,org.jabref.gui.entryeditor.fileannotationtab,FileAnnotationTab,40,0,0,0,11,0,3,0,3,0
JabRef,org.jabref.gui.entryeditor.fileannotationtab,FileAnnotationTabViewModel,242,0,4,0,53,0,15,0,13,0
JabRef,org.jabref.gui.entryeditor.fileannotationtab,FulltextSearchResultsTab,541,0,30,0,80,0,27,0,12,0
JabRef,org.jabref.gui.entryeditor.fileannotationtab,FileAnnotationViewModel,79,148,13,3,16,33,13,10,6,9
JabRef,org.jabref.gui.entryeditor.fileannotationtab,FileAnnotationTabView,282,0,0,0,57,0,7,0,7,0
JabRef,org.jabref.logic.openoffice,NoDocumentFoundException,8,0,0,0,4,0,2,0,2,0
JabRef,org.jabref.logic.openoffice,OpenOfficeFileSearch,177,0,16,0,33,0,20,0,12,0
JabRef,org.jabref.logic.openoffice,OpenOfficePreferences,104,0,0,0,31,0,17,0,17,0
JabRef,org.jabref.gui.shared,SharedDatabaseLoginDialogView,321,0,4,0,52,0,12,0,10,0
JabRef,org.jabref.gui.shared,SharedDatabaseUIManager,476,0,16,0,86,0,17,0,9,0
JabRef,org.jabref.gui.shared,SharedDatabaseLoginDialogViewModel,1001,0,30,0,183,0,56,0,41,0
JabRef,org.jabref.gui.shared,ConnectToSharedDatabaseCommand,19,0,0,0,6,0,2,0,2,0
JabRef,org.jabref.gui.shared,PullChangesFromSharedAction,26,0,0,0,9,0,3,0,3,0
JabRef,org.jabref.logic.journals,JournalAbbreviationLoader,63,50,4,4,17,14,4,5,1,4
JabRef,org.jabref.logic.journals,Abbreviation,27,202,4,28,2,40,5,24,1,12
JabRef,org.jabref.logic.journals,JournalInformation,0,60,0,0,0,1,0,1,0,1
JabRef,org.jabref.logic.journals,AbbreviationFormat,0,17,0,0,0,8,0,2,0,2
JabRef,org.jabref.logic.journals,AbbreviationWriter,0,64,0,4,0,8,0,3,0,1
JabRef,org.jabref.logic.journals,JournalAbbreviationPreferences,21,16,0,0,7,5,4,2,4,2
JabRef,org.jabref.logic.journals,JournalAbbreviationRepository,96,315,10,30,17,56,14,31,4,21
JabRef,org.jabref.logic.journals,AbbreviationParser,5,131,5,11,2,24,5,9,0,6
JabRef,org.jabref.model.entry.identifier,DOI,24,296,4,24,8,68,7,23,3,13
JabRef,org.jabref.model.entry.identifier,ISSN,7,111,1,15,3,22,4,13,3,6
JabRef,org.jabref.model.entry.identifier,MathSciNetId,32,41,3,3,9,9,8,3,5,3
JabRef,org.jabref.model.entry.identifier,IacrEprint,23,69,0,2,8,17,2,7,2,6
JabRef,org.jabref.model.entry.identifier,ARK,27,0,0,0,7,0,4,0,4,0
JabRef,org.jabref.model.entry.identifier,ISBN,28,186,4,28,7,38,7,24,3,12
JabRef,org.jabref.model.entry.identifier,ArXivIdentifier,39,154,7,17,9,41,9,17,3,11
JabRef,org.jabref.model.entry.identifier,EprintIdentifier,2,3,0,0,1,1,1,1,1,1
JabRef,org.jabref.model.entry,BibtexString.Type,2,85,1,7,1,15,1,6,0,3
JabRef,org.jabref.model.entry,IdGenerator,0,20,0,0,0,7,0,2,0,2
JabRef,org.jabref.model.entry,BibEntryTypeBuilder,11,173,0,0,1,28,1,14,1,14
JabRef,org.jabref.model.entry,BibEntryType,88,175,11,13,18,31,12,20,4,16
JabRef,org.jabref.model.entry,CanonicalBibEntry,0,150,0,6,0,23,0,4,0,1
JabRef,org.jabref.model.entry,BibtexString,2,192,6,14,1,45,6,20,0,16
JabRef,org.jabref.model.entry,BibEntryTypesManager.InternalEntryTypes,10,103,0,2,4,26,2,12,2,11
JabRef,org.jabref.model.entry,AuthorList,7,349,1,20,1,74,1,49,0,37
JabRef,org.jabref.model.entry,ParsedEntryLink,30,62,4,4,6,16,6,6,2,6
JabRef,org.jabref.model.entry,Month,0,303,0,29,0,62,0,31,0,11
JabRef,org.jabref.model.entry,BibEntry,131,1663,31,257,33,349,41,203,13,87
JabRef,org.jabref.model.entry,EntryLinkList,10,42,1,5,1,7,2,4,1,2
JabRef,org.jabref.model.entry,Author,8,754,9,108,2,141,9,76,0,26
JabRef,org.jabref.model.entry,LinkedFile,133,314,6,18,30,58,18,27,12,21
JabRef,org.jabref.model.entry,BibEntryTypesManager,50,84,5,2,11,19,7,10,4,9
JabRef,org.jabref.model.entry,Keyword,21,151,4,10,4,33,6,18,2,15
JabRef,org.jabref.model.entry,Date,145,553,15,39,35,94,16,31,5,15
JabRef,org.jabref.model.entry,EntryConverter,0,59,0,0,0,15,0,1,0,1
JabRef,org.jabref.model.entry,KeywordList,82,236,9,9,20,55,12,27,6,24
JabRef,org.jabref.model.entry,SharedBibEntryData,37,15,2,0,11,6,5,3,4,3
JabRef,org.jabref.gui.preferences.preview,PreviewTab,791,0,14,0,134,0,37,0,30,0
JabRef,org.jabref.gui.preferences.preview,PreviewTabViewModel,1152,0,74,0,234,0,82,0,45,0
JabRef,org.jabref.gui.preferences.preview,PreviewTab.EditAction,43,0,7,0,11,0,7,0,2,0
JabRef,org.jabref.gui.preferences.websearch,WebSearchTab,329,0,12,0,62,0,18,0,12,0
JabRef,org.jabref.gui.preferences.websearch,WebSearchTabViewModel,497,0,16,0,110,0,29,0,21,0
JabRef,org.jabref.gui.entryeditor,OptionalFieldsTab,19,0,0,0,3,0,1,0,1,0
JabRef,org.jabref.gui.entryeditor,LatexCitationsTabViewModel.Status,27,0,0,0,5,0,1,0,1,0
JabRef,org.jabref.gui.entryeditor,EntryEditor,1099,0,43,0,185,0,58,0,33,0
JabRef,org.jabref.gui.entryeditor,SourceTab.EditAction,39,0,5,0,10,0,6,0,2,0
JabRef,org.jabref.gui.entryeditor,OpenEntryEditorAction,30,0,2,0,8,0,3,0,2,0
JabRef,org.jabref.gui.entryeditor,RequiredFieldsTab,83,0,4,0,15,0,4,0,2,0
JabRef,org.jabref.gui.entryeditor,SciteTabViewModel.SciteStatus,0,21,0,0,0,4,0,1,0,1
JabRef,org.jabref.gui.entryeditor,LatexCitationsTab,358,0,5,0,65,0,14,0,10,0
JabRef,org.jabref.gui.entryeditor,EntryEditorPreferences,237,0,0,0,64,0,38,0,38,0
JabRef,org.jabref.gui.entryeditor,RelatedArticlesTab,664,0,6,0,130,0,18,0,15,0
JabRef,org.jabref.gui.entryeditor,SourceTab,717,0,48,0,146,0,44,0,20,0
JabRef,org.jabref.gui.entryeditor,PreviewTab,87,0,6,0,23,0,8,0,5,0
JabRef,org.jabref.gui.entryeditor,OtherFieldsTab,134,0,8,0,22,0,7,0,3,0
JabRef,org.jabref.gui.entryeditor,OptionalFieldsTabBase,68,0,4,0,14,0,4,0,2,0
JabRef,org.jabref.gui.entryeditor,PreviewSwitchAction,32,0,2,0,9,0,3,0,2,0
JabRef,org.jabref.gui.entryeditor,SciteTab,323,0,6,0,59,0,14,0,10,0
JabRef,org.jabref.gui.entryeditor,SciteTabViewModel,146,64,12,2,37,15,17,2,10,2
JabRef,org.jabref.gui.entryeditor,LatexCitationsTabViewModel,308,0,16,0,66,0,28,0,20,0
JabRef,org.jabref.gui.entryeditor,DeprecatedFieldsTab,98,0,6,0,15,0,7,0,4,0
JabRef,org.jabref.gui.entryeditor,EntryEditorTab,30,0,4,0,10,0,7,0,5,0
JabRef,org.jabref.gui.entryeditor,UserDefinedFieldsTab,30,0,0,0,6,0,2,0,2,0
JabRef,org.jabref.gui.entryeditor,SciteTallyModel,0,49,0,0,0,9,0,2,0,2
JabRef,org.jabref.gui.entryeditor,MathSciNetTab,95,0,2,0,22,0,8,0,7,0
JabRef,org.jabref.gui.entryeditor,CommentsTab,339,0,26,0,58,0,24,0,11,0
JabRef,org.jabref.gui.entryeditor,FieldsEditorTab,534,0,22,0,114,0,30,0,19,0
JabRef,org.jabref.gui.entryeditor,OptionalFields2Tab,19,0,0,0,3,0,1,0,1,0
JabRef,org.jabref.gui.entryeditor,EntryEditorPreferences.JournalPopupEnabled,50,0,4,0,8,0,4,0,2,0
JabRef,org.jabref.gui.entryeditor,SourceTab.InputMethodRequestsObject,11,0,0,0,4,0,4,0,4,0
JabRef,org.jabref.gui.entryeditor,PreviewSwitchAction.Direction,15,0,0,0,1,0,1,0,1,0
JabRef,org.jabref.gui.push,PushToTexmaker,30,0,0,0,5,0,4,0,4,0
JabRef,org.jabref.gui.push,PushToWinEdt,29,0,0,0,6,0,4,0,4,0
JabRef,org.jabref.gui.push,PushToVim,194,0,12,0,49,0,15,0,9,0
JabRef,org.jabref.gui.push,PushToApplicationCommand,273,0,22,0,60,0,23,0,12,0
JabRef,org.jabref.gui.push,PushToEmacs,255,0,14,0,65,0,17,0,10,0
JabRef,org.jabref.gui.push,PushToSublimeText,172,0,6,0,33,0,9,0,6,0
JabRef,org.jabref.gui.push,AbstractPushToApplication,247,0,12,0,51,0,20,0,14,0
JabRef,org.jabref.gui.push,PushToTeXstudio,42,0,0,0,5,0,4,0,4,0
JabRef,org.jabref.gui.push,PushToTexShop,155,0,4,0,34,0,8,0,6,0
JabRef,org.jabref.gui.push,PushToApplications,70,0,2,0,8,0,5,0,4,0
JabRef,org.jabref.gui.push,PushToVimSettings,46,0,0,0,9,0,2,0,2,0
JabRef,org.jabref.gui.push,PushToEmacsSettings,46,0,0,0,9,0,2,0,2,0
JabRef,org.jabref.gui.push,PushToLyxSettings,15,0,0,0,3,0,1,0,1,0
JabRef,org.jabref.gui.push,PushToApplicationSettings,227,0,2,0,39,0,6,0,5,0
JabRef,org.jabref.gui.push,AbstractPushToApplication.PushToApplicationAction,25,0,0,0,4,0,4,0,4,0
JabRef,org.jabref.gui.push,PushToLyx,169,0,18,0,39,0,17,0,8,0
JabRef,org.jabref.logic.integrity,NoteChecker,2,33,1,5,1,8,1,5,0,3
JabRef,org.jabref.logic.integrity,NoBibtexFieldChecker,2,107,2,8,0,15,2,14,0,11
JabRef,org.jabref.logic.integrity,CitationKeyDuplicationChecker,0,38,0,4,0,11,0,4,0,2
JabRef,org.jabref.logic.integrity,PagesChecker,0,49,0,8,0,12,0,7,0,3
JabRef,org.jabref.logic.integrity,BracketChecker,0,55,0,12,0,14,0,8,0,2
JabRef,org.jabref.logic.integrity,EntryLinkChecker,0,106,0,12,0,20,0,8,0,2
JabRef,org.jabref.logic.integrity,HowPublishedChecker,2,33,1,5,1,8,1,5,0,3
JabRef,org.jabref.logic.integrity,JournalInAbbreviationListChecker,0,46,0,4,0,11,0,4,0,2
JabRef,org.jabref.logic.integrity,AbbreviationChecker,0,57,0,2,0,11,0,4,0,3
JabRef,org.jabref.logic.integrity,CitationKeyChecker,0,49,0,8,0,11,0,6,0,2
JabRef,org.jabref.logic.integrity,YearChecker,0,43,0,6,0,11,0,6,0,3
JabRef,org.jabref.logic.integrity,FieldChecker,0,41,0,2,0,8,0,4,0,3
JabRef,org.jabref.logic.integrity,ASCIICharacterChecker,0,44,0,4,0,9,0,4,0,2
JabRef,org.jabref.logic.integrity,TitleChecker,2,74,1,9,1,18,1,7,0,3
JabRef,org.jabref.logic.integrity,LatexIntegrityChecker,9,198,2,6,3,33,2,11,0,9
JabRef,org.jabref.logic.integrity,ISBNChecker,2,31,1,5,1,8,1,4,0,2
JabRef,org.jabref.logic.integrity,IntegrityCheck,2,218,1,9,1,28,1,8,0,4
JabRef,org.jabref.logic.integrity,UTF8Checker,0,63,0,4,0,17,0,5,0,3
JabRef,org.jabref.logic.integrity,AmpersandChecker,0,87,0,6,0,15,0,10,0,7
JabRef,org.jabref.logic.integrity,TypeChecker,0,29,0,4,0,8,0,4,0,2
JabRef,org.jabref.logic.integrity,FieldCheckers,5,215,0,4,2,35,1,6,1,4
JabRef,org.jabref.logic.integrity,DoiValidityChecker,0,23,0,4,0,6,0,4,0,2
JabRef,org.jabref.logic.integrity,IntegrityMessage,37,65,6,6,5,14,9,5,3,5
JabRef,org.jabref.logic.integrity,BibStringChecker,0,67,0,8,0,15,0,7,0,3
JabRef,org.jabref.logic.integrity,PersonNamesChecker,0,79,0,14,0,16,0,9,0,2
JabRef,org.jabref.logic.integrity,ValidCitationKeyChecker,0,28,0,4,0,7,0,4,0,2
JabRef,org.jabref.logic.integrity,BibTeXEntryTypeChecker,0,26,0,2,0,5,0,3,0,2
JabRef,org.jabref.logic.integrity,DoiDuplicationChecker,0,75,0,4,0,12,0,9,0,7
JabRef,org.jabref.logic.integrity,CitationKeyDeviationChecker,2,50,1,3,1,12,1,3,0,2
JabRef,org.jabref.logic.integrity,PredatoryJournalChecker,0,56,0,0,0,9,0,5,0,5
JabRef,org.jabref.logic.integrity,HTMLCharacterChecker,0,50,0,2,0,7,0,7,0,6
JabRef,org.jabref.logic.integrity,EditionChecker,0,96,0,20,0,21,0,14,0,4
JabRef,org.jabref.logic.integrity,BooktitleChecker,0,22,0,4,0,6,0,4,0,2
JabRef,org.jabref.logic.integrity,ISSNChecker,0,36,0,6,0,10,0,5,0,2
JabRef,org.jabref.logic.integrity,FileChecker,3,63,3,7,1,15,3,5,0,3
JabRef,org.jabref.logic.integrity,DateChecker,0,22,0,4,0,7,0,4,0,2
JabRef,org.jabref.logic.integrity,MonthChecker,2,57,1,11,1,15,1,8,0,3
JabRef,org.jabref.logic.integrity,UrlChecker,2,19,1,3,1,5,1,3,0,2
JabRef,org.jabref.logic.integrity,BracesCorrector,3,70,0,10,1,14,1,9,1,4
JabRef,org.jabref.gui.keyboard,KeyBindingCategory,0,92,0,0,0,13,0,3,0,3
JabRef,org.jabref.gui.keyboard,TextInputKeyBindings,209,0,17,0,71,0,18,0,3,0
JabRef,org.jabref.gui.keyboard,KeyBindingRepository,113,185,20,10,20,37,21,20,7,19
JabRef,org.jabref.gui.keyboard,CodeAreaKeyBindings,225,0,18,0,78,0,20,0,3,0
JabRef,org.jabref.gui.keyboard,KeyBinding,0,1371,0,0,0,114,0,6,0,6
JabRef,org.jabref.gui,LibraryTab.EntriesRemovedListener,12,0,0,0,3,0,2,0,2,0
JabRef,org.jabref.gui,JabRefFrame.CloseAction,15,0,2,0,6,0,3,0,2,0
JabRef,org.jabref.gui,JabRefDialogService.new DialogPane() {...},31,0,0,0,5,0,3,0,3,0
JabRef,org.jabref.gui,EntryTypeViewModel.FetcherWorker,40,0,2,0,9,0,3,0,2,0
JabRef,org.jabref.gui,SendAsEMailAction,218,0,12,0,48,0,13,0,7,0
JabRef,org.jabref.gui,LibraryTab.GroupTreeListener,34,0,4,0,7,0,5,0,3,0
JabRef,org.jabref.gui,LibraryTab.DatabaseNotification,38,0,4,0,11,0,5,0,3,0
JabRef,org.jabref.gui,ProcessingLibraryDialog,35,0,2,0,10,0,4,0,3,0
JabRef,org.jabref.gui,JabRefExecutorService.NamedRunnable,23,0,0,0,9,0,2,0,2,0
JabRef,org.jabref.gui,DragAndDropHelper,46,0,8,0,9,0,9,0,5,0
JabRef,org.jabref.gui,Telemetry,8,0,0,0,5,0,4,0,4,0
JabRef,org.jabref.gui,JabRefFrame.UndoRedoEventManager,19,0,0,0,7,0,4,0,4,0
JabRef,org.jabref.gui,DefaultInjector,102,0,24,0,37,0,17,0,5,0
JabRef,org.jabref.gui,Globals,57,24,10,0,22,6,11,1,6,1
JabRef,org.jabref.gui,EntryTypeView,621,0,57,0,130,0,64,0,20,0
JabRef,org.jabref.gui,JabRefGUI,398,0,30,0,118,0,34,0,19,0
JabRef,org.jabref.gui,AbstractViewModel,0,3,0,0,0,1,0,1,0,1
JabRef,org.jabref.gui,OpenConsoleAction,13,51,0,0,5,12,1,5,1,5
JabRef,org.jabref.gui,FallbackExceptionHandler,27,7,0,0,8,2,3,2,3,2
JabRef,org.jabref.gui,JabRefDialogService,971,14,21,1,208,4,57,2,46,2
JabRef,org.jabref.gui,StateManager,253,127,7,3,50,32,40,9,36,8
JabRef,org.jabref.gui,LibraryTab,1792,4,121,0,403,1,141,1,80,1
JabRef,org.jabref.gui,MainMenu,2053,0,6,0,150,0,7,0,4,0
JabRef,org.jabref.gui,ProcessingLibraryDialog.new Task() {...},25,0,4,0,6,0,5,0,3,0
JabRef,org.jabref.gui,DragAndDropDataFormats,56,0,0,0,7,0,2,0,2,0
JabRef,org.jabref.gui,LibraryTab.IndexUpdateListener,142,0,10,0,32,0,9,0,4,0
JabRef,org.jabref.gui,MainToolBar,770,0,14,0,100,0,15,0,8,0
JabRef,org.jabref.gui,JabRefFrame.CloseAllDatabaseAction,32,0,2,0,5,0,4,0,3,0
JabRef,org.jabref.gui,ClipBoardManager,167,24,16,0,50,5,20,2,12,2
JabRef,org.jabref.gui,JabRefFrame.CloseDatabaseAction,33,0,2,0,12,0,5,0,4,0
JabRef,org.jabref.gui,JabRefFrame.new TimerTask() {...},11,0,0,0,3,0,2,0,2,0
JabRef,org.jabref.gui,JabRefFrame.new InvalidationListener() {...},23,0,2,0,7,0,4,0,3,0
JabRef,org.jabref.gui,SendAsKindleEmailAction,33,0,0,0,7,0,4,0,4,0
JabRef,org.jabref.gui,JabRefFrame.OpenDatabaseFolder,36,0,0,0,10,0,3,0,3,0
JabRef,org.jabref.gui,JabRefFrame,2233,0,176,0,491,0,165,0,70,0
JabRef,org.jabref.gui,LibraryTab.PanelMode,15,0,0,0,1,0,1,0,1,0
JabRef,org.jabref.gui,SendAsStandardEmailAction,90,0,2,0,21,0,6,0,5,0
JabRef,org.jabref.gui,FXDialog,94,0,4,0,31,0,12,0,10,0
JabRef,org.jabref.gui,TelemetryClient,5,0,0,0,3,0,3,0,3,0
JabRef,org.jabref.gui,DialogService,16,0,0,0,3,0,2,0,2,0
JabRef,org.jabref.gui,EntryTypeViewModel,429,0,12,0,85,0,25,0,19,0
JabRef,org.jabref.gui,UpdateTimestampListener,0,25,1,3,0,7,1,3,0,2
JabRef,org.jabref.gui,JabRefExecutorService,165,72,6,2,56,21,14,6,10,6
JabRef,org.jabref.gui,JabRefFrame.CloseOthersDatabaseAction,52,0,4,0,11,0,5,0,3,0
JabRef,org.jabref.model.metadata,SaveOrder,65,146,9,9,14,30,10,10,3,8
JabRef,org.jabref.model.metadata,SaveOrder.OrderType,13,35,4,0,6,8,3,3,1,3
JabRef,org.jabref.model.metadata,ContentSelector,27,50,5,5,4,13,7,5,2,5
JabRef,org.jabref.model.metadata,SaveOrder.SortCriterion,32,49,5,5,6,13,8,3,3,3
JabRef,org.jabref.model.metadata,MetaData,110,563,20,22,32,119,30,46,10,45
JabRef,org.jabref.model.metadata,ContentSelectors,44,112,10,8,14,25,9,10,2,8
JabRef,org.jabref.model.metadata,SelfContainedSaveOrder,20,32,4,4,3,8,3,4,0,3
JabRef,org.jabref.model.pdf,FileAnnotation,46,206,12,18,6,49,13,19,1,16
JabRef,org.jabref.model.pdf,FileAnnotationType,20,136,0,0,6,22,1,5,1,5
JabRef,org.jabref.logic.xmp,DublinCoreExtractor,52,691,16,70,13,178,15,72,1,38
JabRef,org.jabref.logic.xmp,XmpUtilWriter,99,308,16,22,29,79,11,20,0,12
JabRef,org.jabref.logic.xmp,XmpUtilShared,6,42,0,2,3,11,0,4,0,3
JabRef,org.jabref.logic.xmp,DocumentInformationExtractor,28,115,3,13,6,35,2,13,0,7
JabRef,org.jabref.logic.xmp,XmpPreferences,11,26,0,0,4,7,3,3,3,3
JabRef,org.jabref.logic.xmp,EncryptedPdfsNotSupportedException,3,0,0,0,1,0,1,0,1,0
JabRef,org.jabref.logic.xmp,XmpUtilReader,0,210,2,16,0,45,2,14,0,7
JabRef,org.jabref.gui.collab.preamblechange,PreambleChange,44,0,0,0,9,0,4,0,4,0
JabRef,org.jabref.gui.collab.preamblechange,PreambleChangeDetailsView,106,0,4,0,17,0,3,0,1,0
JabRef,org.jabref.gui.texparser,ParseLatexDialogView,208,0,0,0,41,0,9,0,9,0
JabRef,org.jabref.gui.texparser,ReferenceViewModel,64,0,0,0,11,0,5,0,5,0
JabRef,org.jabref.gui.texparser,ParseLatexAction,30,0,0,0,8,0,2,0,2,0
JabRef,org.jabref.gui.texparser,ParseLatexResultView,121,0,2,0,29,0,5,0,4,0
JabRef,org.jabref.gui.texparser,ParseLatexResultViewModel,131,0,4,0,24,0,10,0,8,0
JabRef,org.jabref.gui.texparser,CitationsDisplay,227,25,6,0,33,7,6,1,3,1
JabRef,org.jabref.gui.texparser,ParseLatexDialogViewModel,488,0,18,0,99,0,37,0,28,0
JabRef,org.jabref.cli,ArgumentProcessor.Mode,0,15,0,0,0,1,0,1,0,1
JabRef,org.jabref.cli,PredatoryJournalsMvGenerator,99,0,6,0,21,0,7,0,4,0
JabRef,org.jabref.cli,JabRefCLI,206,730,6,8,37,166,16,36,13,32
JabRef,org.jabref.cli,AuxCommandLine,0,47,2,2,0,11,2,2,0,2
JabRef,org.jabref.cli,JournalListMvGenerator,150,0,10,0,33,0,10,0,5,0
JabRef,org.jabref.cli,ArgumentProcessor,1213,781,135,74,228,163,108,24,15,12
JabRef,org.jabref.gui.importer,NewDatabaseAction,25,0,0,0,8,0,2,0,2,0
JabRef,org.jabref.gui.importer,ImportEntriesViewModel,568,0,44,0,114,0,42,0,20,0
JabRef,org.jabref.gui.importer,ImportCustomEntryTypesDialogViewModel,112,0,10,0,25,0,12,0,7,0
JabRef,org.jabref.gui.importer,GrobidOptInDialogHelper,42,0,4,0,12,0,5,0,3,0
JabRef,org.jabref.gui.importer,ImportEntriesDialog,680,0,22,0,123,0,32,0,21,0
JabRef,org.jabref.gui.importer,ImportCustomEntryTypesDialog.new CheckBoxListCell() {...},18,0,2,0,4,0,3,0,2,0
JabRef,org.jabref.gui.importer,GenerateEntryFromIdAction,195,0,8,0,43,0,12,0,8,0
JabRef,org.jabref.gui.importer,ImportCommand.ImportMethod,15,0,0,0,1,0,1,0,1,0
JabRef,org.jabref.gui.importer,ImportCommand,447,0,28,0,99,0,29,0,15,0
JabRef,org.jabref.gui.importer,BibEntryTypePrefsAndFileViewModel,26,0,0,0,4,0,2,0,2,0
JabRef,org.jabref.gui.importer,ParserResultWarningDialog,79,0,6,0,15,0,4,0,1,0
JabRef,org.jabref.gui.importer,NewEntryAction,62,57,4,2,12,15,5,4,2,4
JabRef,org.jabref.gui.importer,ImporterViewModel,49,0,0,0,13,0,5,0,5,0
JabRef,org.jabref.gui.importer,GenerateEntryFromIdDialog,78,0,2,0,21,0,5,0,4,0
JabRef,org.jabref.gui.importer,ImportCustomEntryTypesDialog,100,0,2,0,23,0,5,0,4,0
JabRef,org.jabref.gui.importer,GenerateEntryFromIdAction.new BackgroundTask() {...},29,0,2,0,5,0,3,0,2,0
JabRef,org.jabref.logic.help,HelpFile,0,287,0,0,0,44,0,3,0,3
JabRef,org.jabref.logic.layout,TextBasedPreviewLayout,77,0,2,0,23,0,9,0,8,0
JabRef,org.jabref.logic.layout,Layout,24,206,5,23,5,48,6,16,1,6
JabRef,org.jabref.logic.layout,LayoutFormatterBasedFormatter,20,11,0,0,4,4,4,2,4,2
JabRef,org.jabref.logic.layout,LayoutHelper,104,853,22,122,23,187,22,64,2,12
JabRef,org.jabref.logic.layout,LayoutEntry,423,905,99,135,100,199,90,84,1,13
JabRef,org.jabref.logic.layout,StringInt,0,9,0,0,0,4,0,1,0,1
JabRef,org.jabref.logic.layout,LayoutFormatterPreferences,46,0,0,0,14,0,7,0,7,0
JabRef,org.jabref.logic.layout,AbstractParamLayoutFormatter,14,101,3,17,3,23,3,9,0,2
JabRef,org.jabref.logic.importer.fetcher.isbntobibtex,EbookDeIsbnFetcher,55,0,0,0,13,0,5,0,5,0
JabRef,org.jabref.logic.importer.fetcher.isbntobibtex,IsbnFetcher,16,123,3,9,6,32,3,11,1,7
JabRef,org.jabref.logic.importer.fetcher.isbntobibtex,DoiToBibtexConverterComIsbnFetcher,178,0,4,0,42,0,13,0,11,0
JabRef,org.jabref.logic.importer.fetcher.isbntobibtex,OpenLibraryIsbnFetcher,133,239,10,6,27,51,15,16,7,16
JabRef,org.jabref.search,SearchBaseVisitor,24,7,0,0,6,2,6,2,6,2
JabRef,org.jabref.search,SearchParser.UnaryExpressionContext,9,20,1,1,2,3,2,3,1,3
JabRef,org.jabref.search,SearchParser.StartContext,11,19,1,1,3,4,3,3,2,3
JabRef,org.jabref.search,SearchParser.ComparisonContext,41,13,1,1,9,3,9,2,8,2
JabRef,org.jabref.search,SearchParser.AtomExpressionContext,10,14,1,1,2,2,2,2,1,2
JabRef,org.jabref.search,SearchParser.NameContext,24,5,2,0,5,2,5,1,4,1
JabRef,org.jabref.search,SearchParser.ParenExpressionContext,14,20,1,1,3,3,3,3,2,3
JabRef,org.jabref.search,SearchParser.BinaryExpressionContext,24,14,1,1,5,2,5,2,4,2
JabRef,org.jabref.search,SearchParser,136,706,18,29,33,137,25,19,9,9
JabRef,org.jabref.search,SearchLexer,16,301,0,8,8,27,8,9,8,5
JabRef,org.jabref.search,SearchParser.ExpressionContext,2,12,0,0,1,5,1,3,1,3
JabRef,org.jabref.logic.net.ssl,SSLPreferences,16,0,0,0,5,0,3,0,3,0
JabRef,org.jabref.logic.net.ssl,TrustStoreManager.new X509TrustManager() {...},32,0,0,0,9,0,4,0,4,0
JabRef,org.jabref.logic.net.ssl,TrustStoreManager,322,0,6,0,93,0,22,0,19,0
JabRef,org.jabref.logic.net.ssl,SSLCertificate,120,0,0,0,36,0,11,0,11,0
JabRef,org.jabref.gui.undo,CountingUndoManager,128,8,10,0,30,2,14,1,9,1
JabRef,org.jabref.gui.undo,AbstractUndoableJabRefEdit,16,3,0,0,2,1,2,1,2,1
JabRef,org.jabref.gui.undo,UndoableChangeType,77,0,0,0,17,0,5,0,5,0
JabRef,org.jabref.gui.undo,UndoableInsertString,48,0,0,0,15,0,5,0,5,0
JabRef,org.jabref.gui.undo,NamedCompound,46,16,2,0,7,6,4,3,3,3
JabRef,org.jabref.gui.undo,UndoableFieldChange,99,30,4,0,20,9,5,3,3,3
JabRef,org.jabref.gui.undo,UndoableStringChange,86,0,6,0,20,0,7,0,4,0
JabRef,org.jabref.gui.undo,UndoableKeyChange,64,0,0,0,16,0,5,0,5,0
JabRef,org.jabref.gui.undo,UndoableInsertEntries,127,0,10,0,32,0,12,0,7,0
JabRef,org.jabref.gui.undo,UndoableRemoveString,48,0,0,0,15,0,5,0,5,0
JabRef,org.jabref.gui.undo,UndoRedoAction,94,0,4,0,26,0,5,0,3,0
JabRef,org.jabref.gui.undo,UndoableRemoveEntries,128,0,10,0,32,0,12,0,7,0
JabRef,org.jabref.gui.undo,UndoablePreambleChange,33,0,0,0,12,0,4,0,4,0
JabRef,org.jabref.gui.autocompleter,SuggestionProvider,24,43,0,2,7,12,1,4,1,3
JabRef,org.jabref.gui.autocompleter,PersonNameSuggestionProvider,0,65,0,0,0,19,0,9,0,9
JabRef,org.jabref.gui.autocompleter,ReplaceStrategy,9,0,0,0,2,0,2,0,2,0
JabRef,org.jabref.gui.autocompleter,ContentSelectorSuggestionProvider,20,17,2,0,5,5,2,2,1,2
JabRef,org.jabref.gui.autocompleter,WordSuggestionProvider,0,25,0,0,0,7,0,3,0,3
JabRef,org.jabref.gui.autocompleter,AutoCompleteFirstNameMode,6,21,0,0,3,4,1,1,1,1
JabRef,org.jabref.gui.autocompleter,AppendWordsStrategy,43,3,2,0,8,1,4,1,3,1
JabRef,org.jabref.gui.autocompleter,EmptySuggestionProvider,4,11,0,0,1,4,2,4,2,4
JabRef,org.jabref.gui.autocompleter,StringSuggestionProvider,0,16,0,0,0,4,0,5,0,5
JabRef,org.jabref.gui.autocompleter,SuggestionProviders,15,92,2,14,5,21,3,9,1,3
JabRef,org.jabref.gui.autocompleter,BibEntrySuggestionProvider,0,41,0,0,0,10,0,6,0,6
JabRef,org.jabref.gui.autocompleter,AutoCompletionTextInputBinding,179,0,10,0,48,0,21,0,16,0
JabRef,org.jabref.gui.autocompleter,JournalsSuggestionProvider,16,8,0,0,1,3,1,1,1,1
JabRef,org.jabref.gui.autocompleter,AutoCompletionTextInputBinding.new StringConverter() {...},12,0,2,0,3,0,4,0,3,0
JabRef,org.jabref.gui.autocompleter,AutoCompletePreferences,32,38,0,0,11,9,8,4,8,4
JabRef,org.jabref.gui.autocompleter,PersonNameStringConverter,5,90,2,13,1,28,3,11,1,3
JabRef,org.jabref.gui.autocompleter,FieldValueSuggestionProvider,0,25,0,0,0,5,0,3,0,3
JabRef,org.jabref.gui.autocompleter,AutoCompletePreferences.NameFormat,0,21,0,0,0,2,0,1,0,1
JabRef,org.jabref.gui.autocompleter,AppendPersonNamesStrategy,0,17,0,2,0,8,0,4,0,3
JabRef,org.jabref.gui.autocompleter,AutoCompletionInput,15,0,0,0,6,0,3,0,3,0
JabRef,org.jabref.logic.remote.client,RemoteClient,21,110,4,4,4,23,4,5,0,5
JabRef,org.jabref.logic.push,CitationCommandString,3,109,3,7,1,15,3,6,0,4
JabRef,org.jabref.gui.externalfiletype,UnknownExternalFileType,12,14,0,0,5,6,5,2,5,2
JabRef,org.jabref.gui.externalfiletype,StandardExternalFileType,5,360,0,0,2,36,2,5,2,5
JabRef,org.jabref.gui.externalfiletype,ExternalFileTypes,92,359,28,36,24,72,23,25,1,15
JabRef,org.jabref.gui.externalfiletype,CustomExternalFileType,216,56,29,3,41,21,27,8,11,8
JabRef,org.jabref.gui.externalfiletype,ExternalFileType,4,29,0,0,1,1,1,1,1,1
JabRef,org.jabref.logic,WatchServiceUnavailableException,6,0,0,0,2,0,1,0,1,0
JabRef,org.jabref.logic,UiCommand.BlankWorkspace,3,0,0,0,1,0,1,0,1,0
JabRef,org.jabref.logic,JabRefException,14,30,1,1,6,11,3,5,2,5
JabRef,org.jabref.logic,UiCommand.JumpToEntryKey,6,0,0,0,1,0,1,0,1,0
JabRef,org.jabref.logic,UiCommand.OpenDatabases,0,6,0,0,0,1,0,1,0,1
JabRef,org.jabref.logic.bst,BstParser.IdentifierContext,6,18,1,1,2,4,2,3,1,3
JabRef,org.jabref.logic.bst,BstFunctions,775,1223,86,120,78,273,78,62,2,35
JabRef,org.jabref.logic.bst,BstParser.StackContext,26,13,1,1,6,3,6,2,5,2
JabRef,org.jabref.logic.bst,BstVMVisitor,23,667,5,57,6,125,6,48,1,21
JabRef,org.jabref.logic.bst,BstFunctions.BstTypeFunction,20,17,1,1,3,4,2,2,1,2
JabRef,org.jabref.logic.bst,BstVMException,0,4,0,0,0,2,0,1,0,1
JabRef,org.jabref.logic.bst,BstParser.SortCommandContext,9,14,1,1,2,2,2,2,1,2
JabRef,org.jabref.logic.bst,BstFunctions.BstCallTypeFunction,20,22,1,1,2,4,2,2,1,2
JabRef,org.jabref.logic.bst,BstParser.ExecuteCommandContext,19,20,1,1,4,3,4,3,3,3
JabRef,org.jabref.logic.bst,BstVM.ThrowingErrorListener,8,5,0,0,1,1,1,1,1,1
JabRef,org.jabref.logic.bst,BstParser.BstFunctionContext,47,13,1,1,10,3,10,2,9,2
JabRef,org.jabref.logic.bst,BstParser.StringsCommandContext,15,14,1,1,3,2,3,2,2,2
JabRef,org.jabref.logic.bst,BstParser.FunctionCommandContext,31,14,1,1,6,2,6,2,5,2
JabRef,org.jabref.logic.bst,BstParser.MacroCommandContext,38,14,1,1,8,2,8,2,7,2
JabRef,org.jabref.logic.bst,BstParser,139,1214,5,41,41,273,11,41,6,13
JabRef,org.jabref.logic.bst,BstFunctions.BstAssignFunction,51,101,4,16,5,19,5,8,1,2
JabRef,org.jabref.logic.bst,BstLexer,16,417,0,8,8,27,8,9,8,5
JabRef,org.jabref.logic.bst,BstParser.StackitemContext,33,13,1,1,7,3,7,2,6,2
JabRef,org.jabref.logic.bst,BstFunctions.BstFunction,0,5,0,0,0,2,0,1,0,1
JabRef,org.jabref.logic.bst,BstParser.IdListOptContext,30,9,2,0,6,3,6,2,5,2
JabRef,org.jabref.logic.bst,BstPreviewLayout,44,120,2,2,9,26,4,3,2,3
JabRef,org.jabref.logic.bst,BstParser.EntryCommandContext,13,20,1,1,3,3,3,3,2,3
JabRef,org.jabref.logic.bst,BstParser.ReadCommandContext,9,14,1,1,2,2,2,2,1,2
JabRef,org.jabref.logic.bst,BstParser.BstFileContext,21,13,1,1,5,3,5,2,4,2
JabRef,org.jabref.logic.bst,BstParser.ReverseCommandContext,19,20,1,1,4,3,4,3,3,3
JabRef,org.jabref.logic.bst,BstParser.IterateCommandContext,19,20,1,1,4,3,4,3,3,3
JabRef,org.jabref.logic.bst,BstVMContext,0,43,0,0,0,3,0,2,0,2
JabRef,org.jabref.logic.bst,BstBaseVisitor,60,11,0,0,15,3,15,3,15,3
JabRef,org.jabref.logic.bst,BstParser.IntegersCommandContext,15,14,1,1,3,2,3,2,2,2
JabRef,org.jabref.logic.bst,BstEntry,0,21,0,0,0,6,0,1,0,1
JabRef,org.jabref.logic.bst,BstParser.CommandsContext,2,12,0,0,1,5,1,3,1,3
JabRef,org.jabref.logic.bst,BstVMVisitor.Identifier,0,6,0,0,0,1,0,1,0,1
JabRef,org.jabref.logic.bst,BstFunctions.BstCiteFunction,20,18,1,1,3,4,2,2,1,2
JabRef,org.jabref.logic.bst,BstParser.IdListOblContext,30,9,2,0,6,3,6,2,5,2
JabRef,org.jabref.logic.bst,BstVM,5,156,1,3,1,38,1,10,0,9
JabRef,org.jabref.logic.shared.prefs,SharedDatabasePreferences,225,0,2,0,63,0,33,0,32,0
JabRef,org.jabref.gui.preferences.autocompletion,AutoCompletionTabViewModel,252,0,23,0,53,0,24,0,12,0
JabRef,org.jabref.gui.preferences.autocompletion,AutoCompletionTab,87,0,0,0,16,0,3,0,3,0
JabRef,org.jabref.logic.citationstyle,JabRefLocaleProvider,34,8,2,0,7,2,3,1,2,1
JabRef,org.jabref.logic.citationstyle,CitationStyleCache,15,27,2,0,5,5,2,2,1,2
JabRef,org.jabref.logic.citationstyle,CitationStyleCache.BibDatabaseEntryListener,25,6,2,0,6,1,3,1,2,1
JabRef,org.jabref.logic.citationstyle,CitationStyle,210,89,23,5,53,22,22,8,9,7
JabRef,org.jabref.logic.citationstyle,CitationStyleOutputFormat,6,35,0,0,2,8,2,3,2,3
JabRef,org.jabref.logic.citationstyle,JabRefItemDataProvider,155,204,11,5,35,41,17,10,10,9
JabRef,org.jabref.logic.citationstyle,CitationStyleCache.new CacheLoader() {...},8,15,1,1,1,3,1,2,0,2
JabRef,org.jabref.logic.citationstyle,CitationStyleGenerator,41,47,0,0,11,8,0,5,0,5
JabRef,org.jabref.logic.citationstyle,CSLAdapter,58,22,8,2,10,5,5,3,0,3
JabRef,org.jabref.logic.citationstyle,CitationStylePreviewLayout,35,0,0,0,9,0,6,0,6,0
JabRef,org.jabref.model.search,GroupSearchQuery,38,39,4,0,8,10,5,6,3,6
JabRef,org.jabref.logic.layout.format,AuthorLastFirstAbbreviator,0,9,0,0,0,2,0,2,0,2
JabRef,org.jabref.logic.layout.format,FileLink,7,79,1,13,1,25,2,9,1,3
JabRef,org.jabref.logic.layout.format,ShortMonthFormatter,0,13,0,0,0,3,0,2,0,2
JabRef,org.jabref.logic.layout.format,NoSpaceBetweenAbbreviations,0,8,0,0,0,2,0,2,0,2
JabRef,org.jabref.logic.layout.format,AuthorAbbreviator,0,10,0,0,0,3,0,2,0,2
JabRef,org.jabref.logic.layout.format,CSLType,10,13,5,2,5,4,5,3,0,2
JabRef,org.jabref.logic.layout.format,NameFormatterPreferences,18,17,0,0,6,6,2,3,2,3
JabRef,org.jabref.logic.layout.format,RisAuthors,59,0,6,0,15,0,6,0,3,0
JabRef,org.jabref.logic.layout.format,DocBookVersion,0,15,0,0,0,3,0,1,0,1
JabRef,org.jabref.logic.layout.format,RTFChars,29,1073,19,365,10,180,18,180,0,5
JabRef,org.jabref.logic.layout.format,DateFormatter,0,22,0,0,0,7,0,3,0,3
JabRef,org.jabref.logic.layout.format,AuthorLastFirstAbbrCommas,0,8,0,0,0,2,0,2,0,2
JabRef,org.jabref.logic.layout.format,AuthorAndsReplacer,2,68,1,6,1,13,1,5,0,2
JabRef,org.jabref.logic.layout.format,LatexToUnicodeFormatter,0,20,0,0,0,6,0,6,0,6
JabRef,org.jabref.logic.layout.format,IfPlural,0,43,0,10,0,12,0,8,0,3
JabRef,org.jabref.logic.layout.format,NotFoundFormatter,21,0,0,0,5,0,3,0,3,0
JabRef,org.jabref.logic.layout.format,ReplaceUnicodeLigaturesFormatter,0,75,0,4,0,16,0,8,0,6
JabRef,org.jabref.logic.layout.format,AuthorAndToSemicolonReplacer,0,8,0,0,0,2,0,2,0,2
JabRef,org.jabref.logic.layout.format,Default,0,20,0,4,0,5,0,5,0,3
JabRef,org.jabref.logic.layout.format,AuthorLF_FF,0,10,0,0,0,3,0,2,0,2
JabRef,org.jabref.logic.layout.format,WrapContent,0,44,0,8,0,14,0,7,0,3
JabRef,org.jabref.logic.layout.format,CreateBibORDFAuthors,87,0,6,0,18,0,6,0,3,0
JabRef,org.jabref.logic.layout.format,CurrentDate,0,18,1,3,0,5,1,3,0,2
JabRef,org.jabref.logic.layout.format,HayagrivaType,14,13,7,2,7,4,7,3,0,2
JabRef,org.jabref.logic.layout.format,AuthorLastFirstOxfordCommas,0,8,0,0,0,2,0,2,0,2
JabRef,org.jabref.logic.layout.format,FirstPage,0,21,0,4,0,7,0,4,0,2
JabRef,org.jabref.logic.layout.format,HTMLParagraphs,2,67,2,6,1,19,2,5,0,3
JabRef,org.jabref.logic.layout.format,WrapFileLinks.FormatEntry,0,21,0,0,0,9,0,4,0,4
JabRef,org.jabref.logic.layout.format,CreateDocBook5Authors,0,25,0,0,0,6,0,2,0,2
JabRef,org.jabref.logic.layout.format,AuthorNatBib,0,6,0,0,0,2,0,2,0,2
JabRef,org.jabref.logic.layout.format,RisMonth,0,19,0,2,0,5,0,3,0,2
JabRef,org.jabref.logic.layout.format,LastPage,0,29,0,6,0,9,0,5,0,2
JabRef,org.jabref.logic.layout.format,AuthorLastFirstAbbrOxfordCommas,0,8,0,0,0,2,0,2,0,2
JabRef,org.jabref.logic.layout.format,Replace,0,37,0,6,0,10,0,6,0,3
JabRef,org.jabref.logic.layout.format,HTMLChars,8,383,2,57,3,102,2,36,0,5
JabRef,org.jabref.logic.layout.format,AuthorFirstFirstCommas,0,8,0,0,0,2,0,2,0,2
JabRef,org.jabref.logic.layout.format,AuthorFirstLastCommas,0,8,0,0,0,2,0,2,0,2
JabRef,org.jabref.logic.layout.format,AuthorAndsCommaReplacer,0,67,0,5,0,14,0,5,0,2
JabRef,org.jabref.logic.layout.format,GetOpenOfficeType,46,43,18,10,18,12,13,3,0,2
JabRef,org.jabref.logic.layout.format,RemoveWhitespace,0,43,0,8,0,8,0,6,0,2
JabRef,org.jabref.logic.layout.format,CreateDocBook5Editors,22,3,0,0,5,1,1,1,1,1
JabRef,org.jabref.logic.layout.format,FormatPagesForHTML,0,8,0,0,0,2,0,2,0,2
JabRef,org.jabref.logic.layout.format,DOIStrip,0,15,0,2,0,4,0,3,0,2
JabRef,org.jabref.logic.layout.format,DocBookAuthorFormatter,36,132,8,8,1,22,10,9,4,7
JabRef,org.jabref.logic.layout.format,AuthorFirstFirst,0,6,0,0,0,2,0,2,0,2
JabRef,org.jabref.logic.layout.format,Number,7,0,0,0,3,0,3,0,3,0
JabRef,org.jabref.logic.layout.format,AuthorFirstAbbrLastCommas,0,8,0,0,0,2,0,2,0,2
JabRef,org.jabref.logic.layout.format,AuthorLF_FFAbbr,0,10,0,0,0,3,0,2,0,2
JabRef,org.jabref.logic.layout.format,RisKeywords,0,52,0,6,0,14,0,5,0,2
JabRef,org.jabref.logic.layout.format,AuthorOrgSci,2,44,1,3,1,9,1,3,0,2
JabRef,org.jabref.logic.layout.format,AuthorLastFirst,0,6,0,0,0,2,0,2,0,2
JabRef,org.jabref.logic.layout.format,Iso690FormatDate,75,0,8,0,12,0,6,0,2,0
JabRef,org.jabref.logic.layout.format,MarkdownFormatter,0,37,0,0,0,9,0,2,0,2
JabRef,org.jabref.logic.layout.format,XMLChars,18,240,5,19,4,40,4,14,0,6
JabRef,org.jabref.logic.layout.format,Ordinal,0,54,0,8,0,18,0,8,0,3
JabRef,org.jabref.logic.layout.format,ReplaceWithEscapedDoubleQuotes,0,41,0,4,0,7,0,4,0,2
JabRef,org.jabref.logic.layout.format,Authors,15,777,8,118,0,180,9,65,2,9
JabRef,org.jabref.logic.layout.format,FormatPagesForXML,5,3,0,0,1,1,1,1,1,1
JabRef,org.jabref.logic.layout.format,WrapFileLinks,73,308,13,31,9,74,10,23,0,8
JabRef,org.jabref.logic.layout.format,AuthorLastFirstCommas,0,8,0,0,0,2,0,2,0,2
JabRef,org.jabref.logic.layout.format,JournalAbbreviator,16,0,0,0,4,0,2,0,2,0
JabRef,org.jabref.logic.layout.format,CreateDocBook4Editors,22,3,0,0,5,1,1,1,1,1
JabRef,org.jabref.logic.layout.format,ToLowerCase,0,11,0,2,0,4,0,3,0,2
JabRef,org.jabref.logic.layout.format,RemoveBracketsAddComma,0,44,0,6,0,8,0,5,0,2
JabRef,org.jabref.logic.layout.format,RemoveTilde,0,57,1,7,0,11,1,5,0,2
JabRef,org.jabref.logic.layout.format,Iso690NamesAuthors,208,0,18,0,40,0,11,0,2,0
JabRef,org.jabref.logic.layout.format,RemoveBrackets,0,39,0,6,0,6,0,5,0,2
JabRef,org.jabref.logic.layout.format,DOICheck,0,52,0,6,0,14,0,6,0,3
JabRef,org.jabref.logic.layout.format,NameFormatter,21,225,8,26,7,45,8,15,0,6
JabRef,org.jabref.logic.layout.format,ToUpperCase,0,11,0,2,0,4,0,3,0,2
JabRef,org.jabref.logic.layout.format,EntryTypeFormatter,0,7,0,0,0,2,0,2,0,2
JabRef,org.jabref.logic.layout.format,CreateDocBook4Authors,22,3,0,0,5,1,1,1,1,1
JabRef,org.jabref.logic.layout.format,AuthorFirstLastOxfordCommas,0,8,0,0,0,2,0,2,0,2
JabRef,org.jabref.logic.layout.format,RemoveLatexCommandsFormatter,56,290,9,35,10,57,7,18,0,3
JabRef,org.jabref.logic.layout.format,AuthorFirstAbbrLastOxfordCommas,0,8,0,0,0,2,0,2,0,2
JabRef,org.jabref.logic.layout.format,CompositeFormat,0,49,0,2,0,14,0,5,0,4
JabRef,org.jabref.gui.collab,DatabaseChangesResolverDialog,199,0,6,0,43,0,13,0,10,0
JabRef,org.jabref.gui.collab,DatabaseChangeMonitor,173,0,2,0,38,0,14,0,13,0
JabRef,org.jabref.gui.collab,DatabaseChangeResolverFactory,32,0,2,0,8,0,3,0,2,0
JabRef,org.jabref.gui.collab,ExternalChangesResolverViewModel,193,0,6,0,39,0,19,0,16,0
JabRef,org.jabref.gui.collab,DatabaseChangeDetailsView,3,0,0,0,1,0,1,0,1,0
JabRef,org.jabref.gui.collab,DatabaseChangeDetailsViewFactory,183,0,20,0,31,0,12,0,2,0
JabRef,org.jabref.gui.collab,DatabaseChangeResolver,6,0,0,0,3,0,1,0,1,0
JabRef,org.jabref.gui.collab,ChangeScanner,60,0,2,0,15,0,4,0,3,0
JabRef,org.jabref.gui.collab,DatabaseChangeList,174,0,10,0,22,0,13,0,8,0
JabRef,org.jabref.gui.collab,DatabaseChange,61,0,2,0,19,0,9,0,8,0
JabRef,org.jabref.gui.desktop,JabRefDesktop,528,0,56,0,140,0,44,0,15,0
JabRef,org.jabref.gui.edit.automaticfiededitor.renamefield,RenameFieldViewModel,13,135,0,8,3,33,3,14,3,10
JabRef,org.jabref.gui.edit.automaticfiededitor.renamefield,RenameFieldTabView,108,0,0,0,24,0,6,0,6,0
JabRef,org.jabref.gui.collab.metedatachange,MetadataChange,37,0,0,0,9,0,4,0,4,0
JabRef,org.jabref.gui.collab.metedatachange,MetadataChangeDetailsView,176,0,15,0,31,0,15,0,2,0
JabRef,org.jabref.model.database,KeyChangeListener,0,157,0,18,0,37,0,17,0,8
JabRef,org.jabref.model.database,BibDatabase,63,884,13,67,16,193,18,88,6,60
JabRef,org.jabref.model.database,BibDatabaseMode,7,32,2,2,3,8,2,5,1,4
JabRef,org.jabref.model.database,BibDatabaseContext,97,324,14,22,23,71,19,33,8,26
JabRef,org.jabref.model.database,BibDatabaseModeDetection,0,14,0,2,0,4,0,2,0,1
JabRef,org.jabref.model.database,BibDatabases,0,16,0,2,0,3,0,3,0,2
JabRef,org.jabref.model.database,KeyCollisionException,15,7,0,0,7,3,4,1,4,1
JabRef,org.jabref.model.openoffice.rangesort,RangeSort,56,0,6,0,15,0,6,0,3,0
JabRef,org.jabref.model.openoffice.rangesort,RangeOverlapWithin,182,0,30,0,40,0,18,0,3,0
JabRef,org.jabref.model.openoffice.rangesort,RangeOverlap,9,0,0,0,4,0,1,0,1,0
JabRef,org.jabref.model.openoffice.rangesort,RangeSort.HolderComparatorWithinPartition,19,0,0,0,5,0,2,0,2,0
JabRef,org.jabref.model.openoffice.rangesort,RangeOverlapKind,21,0,0,0,4,0,1,0,1,0
JabRef,org.jabref.model.openoffice.rangesort,RangeOverlapBetween,172,0,32,0,39,0,17,0,1,0
JabRef,org.jabref.model.openoffice.rangesort,RangeSortVisual.ComparableMark,15,0,0,0,6,0,2,0,2,0
JabRef,org.jabref.model.openoffice.rangesort,RangeSort.RangePartitions,35,0,0,0,8,0,4,0,4,0
JabRef,org.jabref.model.openoffice.rangesort,RangeSortVisual,159,0,14,0,32,0,11,0,4,0
JabRef,org.jabref.model.openoffice.rangesort,RangeSortEntry,29,0,0,0,12,0,6,0,6,0
JabRef,org.jabref.model.openoffice.rangesort,FunctionalTextViewCursor,141,0,14,0,46,0,12,0,5,0
JabRef,org.jabref.logic.pseudonymization,PseudonymizationResultCsvWriter,7,88,1,1,3,13,2,6,1,6
JabRef,org.jabref.logic.pseudonymization,Pseudonymization,0,137,0,4,0,26,0,9,0,7
JabRef,org.jabref.logic.pseudonymization,Pseudonymization.Result,0,9,0,0,0,1,0,1,0,1
JabRef,org.jabref.model.search.matchers,MatcherSets,3,11,0,2,1,3,1,2,1,1
JabRef,org.jabref.model.search.matchers,NotMatcher,0,17,0,2,0,4,0,3,0,2
JabRef,org.jabref.model.search.matchers,OrMatcher,0,13,0,0,0,2,0,3,0,3
JabRef,org.jabref.model.search.matchers,MatcherSet,32,35,3,3,7,8,5,3,2,3
JabRef,org.jabref.model.search.matchers,AndMatcher,0,14,0,0,0,3,0,3,0,3
JabRef,org.jabref.model.search.matchers,MatcherSets.MatcherType,0,15,0,0,0,3,0,1,0,1
JabRef,org.jabref.logic.preview,PreviewLayout,9,0,0,0,1,0,1,0,1,0
JabRef,org.jabref.gui.preferences.journals,AbbreviationViewModel,14,211,6,20,4,40,10,19,4,12
JabRef,org.jabref.gui.preferences.journals,AbbreviationsFileViewModel,18,149,5,7,3,32,7,12,2,11
JabRef,org.jabref.gui.preferences.journals,JournalAbbreviationsTab,518,0,6,0,88,0,34,0,31,0
JabRef,org.jabref.gui.preferences.journals,JournalAbbreviationsTabViewModel,133,678,19,49,35,149,28,46,11,29
JabRef,org.jabref.gui.commonfxcontrols,CitationKeyPatternPanelViewModel,149,0,12,0,37,0,16,0,10,0
JabRef,org.jabref.gui.commonfxcontrols,CitationKeyPatternPanel,223,9,4,0,46,5,19,1,17,1
JabRef,org.jabref.gui.commonfxcontrols,CitationKeyPatternPanelViewModel.DefaultEntryType,10,0,0,0,3,0,3,0,3,0
JabRef,org.jabref.gui.commonfxcontrols,SaveOrderConfigPanelViewModel,12,94,3,7,4,22,7,8,4,6
JabRef,org.jabref.gui.commonfxcontrols,CitationKeyPatternPanelItemModel,58,0,0,0,15,0,7,0,7,0
JabRef,org.jabref.gui.commonfxcontrols,SortCriterionViewModel,18,46,0,0,3,10,3,2,3,2
JabRef,org.jabref.gui.commonfxcontrols,CitationKeyPatternPanel.HighlightTableRow,34,0,8,0,9,0,5,0,1,0
JabRef,org.jabref.gui.commonfxcontrols,FieldFormatterCleanupsPanelViewModel,146,0,8,0,34,0,18,0,14,0
JabRef,org.jabref.gui.commonfxcontrols,FieldFormatterCleanupsPanel,281,9,12,0,63,5,27,1,21,1
JabRef,org.jabref.gui.commonfxcontrols,SaveOrderConfigPanel,504,9,26,0,94,5,37,1,24,1
JabRef,org.jabref.preferences,ExternalApplicationsPreferences,163,0,0,0,44,0,26,0,26,0
JabRef,org.jabref.preferences,CleanupPreferences,52,51,8,2,13,14,10,7,6,6
JabRef,org.jabref.preferences,JabRefPreferences,7445,14,326,0,1458,4,490,1,323,1
JabRef,org.jabref.preferences,MrDlibPreferences,36,39,0,0,13,9,9,4,9,4
JabRef,org.jabref.preferences,SidePanePreferences,12,31,0,0,4,10,3,4,3,4
JabRef,org.jabref.preferences,FilePreferences,241,12,2,0,64,1,31,1,30,1
JabRef,org.jabref.preferences,WorkspacePreferences,177,0,0,0,49,0,29,0,29,0
JabRef,org.jabref.preferences,PushToApplicationPreferences,77,0,0,0,22,0,12,0,12,0
JabRef,org.jabref.preferences,CleanupPreferences.CleanupStep,0,93,0,0,0,16,0,1,0,1
JabRef,org.jabref.preferences,PreferenceServiceFactory,6,0,0,0,3,0,3,0,3,0
JabRef,org.jabref.preferences,MergeDialogPreferences,135,0,0,0,37,0,22,0,22,0
JabRef,org.jabref.preferences,SearchPreferences,166,36,17,1,42,9,28,2,19,2
JabRef,org.jabref.preferences,PreferencesFilter,50,0,0,0,12,0,4,0,4,0
JabRef,org.jabref.preferences,InternalPreferences,88,0,0,0,24,0,14,0,14,0
JabRef,org.jabref.preferences,ExportPreferences,48,28,0,0,15,7,10,2,10,2
JabRef,org.jabref.preferences,PreferencesFilter.PreferenceType,21,0,0,0,2,0,1,0,1,0
JabRef,org.jabref.preferences,BibEntryPreferences,22,0,0,0,7,0,4,0,4,0
JabRef,org.jabref.preferences,TelemetryPreferences,50,0,0,0,14,0,8,0,8,0
JabRef,org.jabref.preferences,GuiPreferences,186,0,0,0,53,0,31,0,31,0
JabRef,org.jabref.preferences,PreferencesFilter.PreferenceOption,110,0,10,0,21,0,15,0,10,0
JabRef,org.jabref.preferences,LibraryPreferences,58,0,0,0,17,0,10,0,10,0
JabRef,org.jabref.preferences,PreviewPreferences,132,0,10,0,31,0,18,0,13,0
JabRef,org.jabref.gui.collab.stringrename,BibTexStringRename,73,0,2,0,15,0,6,0,5,0
JabRef,org.jabref.gui.collab.stringrename,BibTexStringRenameDetailsView,40,0,0,0,8,0,1,0,1,0
JabRef,org.jabref.gui.search,SearchFieldRightClickMenu.new SimpleCommand() {...},10,0,0,0,3,0,2,0,2,0
JabRef,org.jabref.gui.search,SearchFieldRightClickMenu.new SimpleCommand() {...},24,0,0,0,3,0,2,0,2,0
JabRef,org.jabref.gui.search,SearchResultsTable,115,0,4,0,24,0,7,0,5,0
JabRef,org.jabref.gui.search,GlobalSearchResultDialogViewModel,36,0,0,0,9,0,3,0,3,0
JabRef,org.jabref.gui.search,SearchTextField,22,0,0,0,6,0,2,0,2,0
JabRef,org.jabref.gui.search,SearchResultsTableDataModel,118,0,2,0,19,0,9,0,8,0
JabRef,org.jabref.gui.search,GlobalSearchResultDialog,216,0,6,0,40,0,9,0,6,0
JabRef,org.jabref.gui.search,GlobalSearchBar.SearchPopupSkin,142,0,9,0,32,0,13,0,8,0
JabRef,org.jabref.gui.search,SearchDisplayMode,60,0,0,0,9,0,8,0,8,0
JabRef,org.jabref.gui.search,SearchFieldRightClickMenu,252,0,4,0,26,0,8,0,6,0
JabRef,org.jabref.gui.search,RebuildFulltextSearchIndexAction,114,0,8,0,34,0,9,0,5,0
JabRef,org.jabref.gui.search,GlobalSearchBar,956,0,34,0,205,0,47,0,30,0
JabRef,org.jabref.gui.preferences.entry,EntryTabViewModel,226,0,0,0,44,0,12,0,12,0
JabRef,org.jabref.gui.preferences.entry,EntryTab,151,0,2,0,27,0,5,0,4,0
JabRef,org.jabref.logic.pdf,PdfAnnotationImporter,28,239,8,24,8,46,7,15,0,6
JabRef,org.jabref.logic.pdf,FileAnnotationCache.new CacheLoader() {...},19,0,0,0,2,0,2,0,2,0
JabRef,org.jabref.logic.pdf,EntryAnnotationImporter,1,67,1,3,0,13,1,7,0,6
JabRef,org.jabref.logic.pdf,FileAnnotationCache,61,0,0,0,11,0,5,0,5,0
JabRef,org.jabref.logic.pdf,TextExtractor,19,139,3,3,5,27,2,5,0,4
JabRef,org.jabref,Launcher,301,0,28,0,101,0,24,0,10,0
JabRef,org.jabref.logic.undo,UndoRedoEvent,7,0,0,0,2,0,1,0,1,0
JabRef,org.jabref.logic.undo,AddUndoableActionEvent,7,0,0,0,2,0,1,0,1,0
JabRef,org.jabref.logic.undo,UndoChangeEvent,27,0,0,0,10,0,5,0,5,0
JabRef,org.jabref.gui.collab.entrydelete,EntryDelete,50,0,0,0,10,0,4,0,4,0
JabRef,org.jabref.logic.preferences,TimestampPreferences,29,34,0,0,10,9,8,3,8,3
JabRef,org.jabref.logic.preferences,OwnerPreferences,24,35,0,0,9,8,6,4,6,4
JabRef,org.jabref.logic.preferences,DOIPreferences,40,0,0,0,12,0,7,0,7,0
JabRef,org.jabref.logic.preferences,FetcherApiKey,51,0,0,0,14,0,8,0,8,0
JabRef,org.jabref.logic.importer.util,MetaDataParser,30,483,8,64,8,93,8,39,0,11
JabRef,org.jabref.logic.importer.util,JsonReader,28,25,2,2,7,6,3,2,2,1
JabRef,org.jabref.logic.importer.util,GrobidService.ConsolidateCitations,0,35,0,0,0,6,0,3,0,3
JabRef,org.jabref.logic.importer.util,GrobidService,5,113,4,8,1,30,4,6,0,4
JabRef,org.jabref.logic.importer.util,ShortDOIService,12,66,1,1,3,18,1,3,0,3
JabRef,org.jabref.logic.importer.util,INSPIREBibtexFilterReader,110,0,20,0,32,0,15,0,5,0
JabRef,org.jabref.logic.importer.util,ShortDOIServiceException,19,5,0,0,8,2,4,1,4,1
JabRef,org.jabref.logic.importer.util,FileFieldParser,49,359,6,64,10,70,6,35,0,6
JabRef,org.jabref.logic.importer.util,MathMLParser,20,66,0,0,7,17,1,2,1,2
JabRef,org.jabref.logic.importer.util,MediaTypes,3,0,0,0,1,0,1,0,1,0
JabRef,org.jabref.logic.importer.util,IdentifierParser,85,0,14,0,24,0,11,0,4,0
JabRef,org.jabref.logic.importer.util,GroupsParser,113,554,12,46,22,121,12,30,0,13
JabRef,org.jabref.logic.importer.util,StaxParser,59,204,18,30,13,49,17,15,4,4
JabRef,org.jabref.logic.importer.fileformat.medline,Investigator,0,12,0,0,0,1,0,1,0,1
JabRef,org.jabref.logic.importer.fileformat.medline,MeshHeading,0,9,0,0,0,1,0,1,0,1
JabRef,org.jabref.logic.importer.fileformat.medline,ArticleId,0,9,0,0,0,1,0,1,0,1
JabRef,org.jabref.logic.importer.fileformat.medline,OtherId,0,9,0,0,0,1,0,1,0,1
JabRef,org.jabref.logic.importer.fileformat.medline,PersonalNameSubject,0,9,0,0,0,1,0,1,0,1
JabRef,org.jabref.gui.preferences.customentrytypes,FieldViewModel,103,0,4,0,22,0,12,0,10,0
JabRef,org.jabref.gui.preferences.customentrytypes,CustomEntryTypesTab,716,0,28,0,149,0,46,0,32,0
JabRef,org.jabref.gui.preferences.customentrytypes,FieldViewModel.Mandatory,34,0,0,0,7,0,3,0,3,0
JabRef,org.jabref.gui.preferences.customentrytypes,EntryTypeViewModel,116,0,10,0,25,0,14,0,9,0
JabRef,org.jabref.gui.preferences.customentrytypes,CustomEntryTypesTabViewModel,426,0,20,0,86,0,30,0,20,0
JabRef,org.jabref.gui.preferences.customentrytypes,CustomEntryTypeViewModel,5,0,0,0,2,0,1,0,1,0
JabRef,org.jabref.gui.libraryproperties.contentselectors,ContentSelectorView,192,0,4,0,40,0,14,0,12,0
JabRef,org.jabref.gui.libraryproperties.contentselectors,ContentSelectorViewModel,115,401,22,18,23,83,24,25,6,23
JabRef,org.jabref.logic.shared.security,Password,20,67,0,0,2,13,1,4,1,4
JabRef,org.jabref.gui.dialogs,AutosaveUiManager,28,0,0,0,9,0,3,0,3,0
JabRef,org.jabref.gui.dialogs,BackupUIManager,146,0,8,0,29,0,11,0,7,0
JabRef,org.jabref.gui.collab.stringadd,BibTexStringAddDetailsView,88,0,0,0,13,0,1,0,1,0
JabRef,org.jabref.gui.collab.stringadd,BibTexStringAdd,66,0,0,0,12,0,4,0,4,0
JabRef,org.jabref.model.openoffice.util,OOListUtil,42,8,0,0,5,1,5,1,5,1
JabRef,org.jabref.model.openoffice.util,OOResult,117,0,16,0,30,0,23,0,15,0
JabRef,org.jabref.model.openoffice.util,OOPair,9,0,0,0,4,0,1,0,1,0
JabRef,org.jabref.model.openoffice.util,OOTuple3,12,0,0,0,5,0,1,0,1,0
JabRef,org.jabref.model.openoffice.util,OOVoidResult,52,0,6,0,14,0,11,0,8,0
JabRef,org.jabref.logic.util.strings,StringManipulator.LetterCase,0,21,0,0,0,4,0,1,0,1
JabRef,org.jabref.logic.util.strings,XmlCharsMap,0,538,0,0,0,109,0,1,0,1
JabRef,org.jabref.logic.util.strings,StringLengthComparator,0,19,0,4,0,6,0,4,0,2
JabRef,org.jabref.logic.util.strings,RtfCharMap,0,769,0,0,0,193,0,3,0,3
JabRef,org.jabref.logic.util.strings,UnicodeLigaturesMap,0,238,0,0,0,49,0,1,0,1
JabRef,org.jabref.logic.util.strings,QuotedStringTokenizer,15,110,5,11,2,22,4,8,0,4
JabRef,org.jabref.logic.util.strings,StringSimilarity,0,32,0,2,0,5,0,4,0,3
JabRef,org.jabref.logic.util.strings,StringManipulator.Direction,0,25,0,0,0,6,0,2,0,2
JabRef,org.jabref.logic.util.strings,HTMLUnicodeConversionMaps,0,10150,3,17,0,39,3,9,0,2
JabRef,org.jabref.logic.util.strings,StringManipulator,15,192,3,28,1,33,4,22,1,8
JabRef,org.jabref.model.openoffice,CitationEntry,11,57,1,3,2,17,2,9,1,8
JabRef,org.jabref.logic.journals.predatory,PredatoryJournalListLoader,16,43,1,1,5,12,2,2,1,2
JabRef,org.jabref.logic.journals.predatory,PredatoryJournalListCrawler.PJSource,36,0,0,0,8,0,4,0,4,0
JabRef,org.jabref.logic.journals.predatory,PredatoryJournalListCrawler,273,0,26,0,59,0,21,0,8,0
JabRef,org.jabref.logic.journals.predatory,PredatoryJournalRepository,0,116,1,5,0,22,1,7,0,5
JabRef,org.jabref.logic.journals.predatory,PredatoryJournalInformation,0,12,0,0,0,1,0,1,0,1
JabRef,org.jabref.gui.fieldeditors.journalinfo,JournalInfoViewModel,327,0,2,0,82,0,36,0,35,0
JabRef,org.jabref.gui.fieldeditors.journalinfo,JournalInfoView,107,0,0,0,23,0,4,0,4,0
JabRef,org.jabref.logic.database,DuplicateCheck,60,782,22,92,11,158,21,59,1,22
JabRef,org.jabref.logic.database,DatabaseMerger,34,214,1,11,8,53,3,15,2,10
JabRef,org.jabref.gui.entryeditor.citationrelationtab,BibEntryView,178,0,4,0,27,0,6,0,4,0
JabRef,org.jabref.gui.entryeditor.citationrelationtab,CitationsRelationsTabViewModel,22,213,6,11,6,45,6,10,0,7
JabRef,org.jabref.gui.entryeditor.citationrelationtab,BibEntryRelationsRepository,87,0,8,0,22,0,11,0,7,0
JabRef,org.jabref.gui.entryeditor.citationrelationtab,BibEntryRelationsCache,78,0,0,0,11,0,10,0,10,0
JabRef,org.jabref.gui.entryeditor.citationrelationtab,CitationRelationItem,0,9,0,0,0,1,0,1,0,1
JabRef,org.jabref.gui.entryeditor.citationrelationtab,CitationRelationsTab,1073,0,28,0,196,0,44,0,30,0
JabRef,org.jabref.gui.libraryproperties.general,GeneralPropertiesView,124,0,0,0,29,0,6,0,6,0
JabRef,org.jabref.gui.libraryproperties.general,GeneralPropertiesViewModel,302,0,8,0,58,0,21,0,17,0
JabRef,org.jabref.gui.icon,InternalMaterialDesignIcon,47,65,0,0,6,18,5,6,5,6
JabRef,org.jabref.gui.icon,JabRefIconView,63,66,0,0,13,13,9,5,9,5
JabRef,org.jabref.gui.icon,JabrefIconProvider,5,0,0,0,2,0,2,0,2,0
JabRef,org.jabref.gui.icon,JabRefMaterialDesignIcon,32,153,4,0,5,23,4,3,2,3
JabRef,org.jabref.gui.icon,IconTheme.JabRefIcons,39,2420,0,0,10,200,4,5,4,5
JabRef,org.jabref.gui.icon,JabRefIkonHandler,12,19,2,2,3,4,5,4,3,4
JabRef,org.jabref.gui.icon,IconTheme,169,82,7,3,29,20,13,4,9,3
JabRef,org.jabref.gui.collab.groupchange,GroupChangeDetailsView,55,0,2,0,12,0,2,0,1,0
JabRef,org.jabref.gui.collab.groupchange,GroupChange,118,0,6,0,24,0,7,0,4,0
JabRef,org.jabref.logic.protectedterms,ProtectedTermsLoader,63,327,8,22,12,61,7,25,1,16
JabRef,org.jabref.logic.protectedterms,ProtectedTermsParser,15,102,1,3,6,25,1,8,0,7
JabRef,org.jabref.logic.protectedterms,ProtectedTermsPreferences,36,31,0,0,12,10,4,5,4,5
JabRef,org.jabref.logic.protectedterms,ProtectedTermsList,23,141,2,8,5,35,3,18,1,15
JabRef,org.jabref.gui.preferences.xmp,XmpPrivacyTab,247,0,4,0,50,0,15,0,13,0
JabRef,org.jabref.gui.preferences.xmp,XmpPrivacyTabViewModel,205,0,10,0,44,0,19,0,14,0
JabRef,org.jabref.gui.menus,ChangeEntryTypeAction,63,0,0,0,13,0,6,0,6,0
JabRef,org.jabref.gui.menus,FileHistoryMenu,112,86,10,2,25,22,11,4,5,4
JabRef,org.jabref.gui.menus,ChangeEntryTypeMenu,231,0,4,0,35,0,13,0,11,0
JabRef,org.jabref.gui.libraryproperties.saving,SavingPropertiesView,99,0,0,0,18,0,3,0,3,0
JabRef,org.jabref.gui.libraryproperties.saving,SavingPropertiesViewModel,329,0,20,0,72,0,26,0,15,0
JabRef,org.jabref.logic.search,DatabaseSearcher,5,42,1,1,2,9,1,3,0,3
JabRef,org.jabref.logic.search,SearchQuery.EscapeMode,0,18,0,0,0,4,0,1,0,1
JabRef,org.jabref.logic.search,SearchQuery,62,154,8,12,14,30,11,17,5,13
JabRef,org.jabref.logic.search,SearchQuery.EscapeMode.new SearchQuery.EscapeMode() {...},0,11,0,0,0,2,0,2,0,2
JabRef,org.jabref.logic.search,SearchQuery.EscapeMode.new SearchQuery.EscapeMode() {...},0,8,0,0,0,2,0,2,0,2
JabRef,org.jabref.http,JabrefMediaType,3,0,0,0,1,0,1,0,1,0
JabRef,org.jabref.gui.mergeentries.newmergedialog,FieldRowViewModel.Selection,0,21,0,0,0,4,0,1,0,1
JabRef,org.jabref.gui.mergeentries.newmergedialog,GroupDiffMode,9,0,0,0,4,0,2,0,2,0
JabRef,org.jabref.gui.mergeentries.newmergedialog,ThreeWayMergeHeaderView,84,0,0,0,15,0,3,0,3,0
JabRef,org.jabref.gui.mergeentries.newmergedialog,FieldRowViewModel.MergeFieldsUndo,13,28,0,0,4,9,1,2,1,2
JabRef,org.jabref.gui.mergeentries.newmergedialog,FieldRowView,494,0,40,0,97,0,43,0,23,0
JabRef,org.jabref.gui.mergeentries.newmergedialog,ShowDiffConfig,9,0,0,0,1,0,1,0,1,0
JabRef,org.jabref.gui.mergeentries.newmergedialog,PersonsNameFieldRowView,75,0,6,0,13,0,6,0,3,0
JabRef,org.jabref.gui.mergeentries.newmergedialog,FieldRowViewModel,44,396,7,18,11,94,11,37,4,31
JabRef,org.jabref.gui.mergeentries.newmergedialog,ThreeWayMergeView,546,0,20,0,96,0,35,0,25,0
JabRef,org.jabref.gui.mergeentries.newmergedialog,ThreeWayMergeViewModel,25,133,0,0,5,38,5,10,5,10
JabRef,org.jabref.gui.auximport,FromAuxDialogViewModel,259,0,14,0,55,0,20,0,13,0
JabRef,org.jabref.gui.auximport,FromAuxDialog,140,0,2,0,31,0,7,0,6,0
JabRef,org.jabref.gui.auximport,AuxParserResultViewModel,24,108,3,3,2,14,3,2,0,2
JabRef,org.jabref.gui.auximport,NewSubLibraryAction,24,0,0,0,7,0,2,0,2,0
JabRef,org.jabref.logic.importer.fetcher,MathSciNet,0,292,0,8,0,53,0,13,0,9
JabRef,org.jabref.logic.importer.fetcher,AstrophysicsDataSystem,121,504,7,13,33,98,8,28,2,24
JabRef,org.jabref.logic.importer.fetcher,ACMPortalFetcher,3,37,0,0,1,9,1,5,1,5
JabRef,org.jabref.logic.importer.fetcher,ComplexSearchQuery,180,239,25,32,26,44,30,22,6,14
JabRef,org.jabref.logic.importer.fetcher,LibraryOfCongress,0,24,0,0,0,7,0,4,0,4
JabRef,org.jabref.logic.importer.fetcher,ArXivFetcher,58,337,7,15,16,80,9,27,3,22
JabRef,org.jabref.logic.importer.fetcher,ISIDOREFetcher,116,372,21,29,28,75,18,24,1,16
JabRef,org.jabref.logic.importer.fetcher,IssnFetcher,2,72,1,1,1,11,1,7,0,7
JabRef,org.jabref.logic.importer.fetcher,SpringerFetcher,72,412,7,31,12,75,14,21,7,9
JabRef,org.jabref.logic.importer.fetcher,DOAJFetcher,17,431,13,49,6,79,14,27,1,9
JabRef,org.jabref.logic.importer.fetcher,IEEE,28,626,13,43,9,117,16,31,3,15
JabRef,org.jabref.logic.importer.fetcher,SpringerLink,5,103,1,5,2,23,1,7,0,5
JabRef,org.jabref.logic.importer.fetcher,GvkFetcher,3,197,0,0,1,30,1,7,1,7
JabRef,org.jabref.logic.importer.fetcher,ACS,12,50,1,3,2,12,1,5,0,4
JabRef,org.jabref.logic.importer.fetcher,DoiResolution,115,198,17,17,28,50,14,12,1,8
JabRef,org.jabref.logic.importer.fetcher,GrobidPreferences,28,30,0,0,10,7,7,3,7,3
JabRef,org.jabref.logic.importer.fetcher,INSPIREFetcher,21,131,4,2,5,26,4,7,1,7
JabRef,org.jabref.logic.importer.fetcher,BvbFetcher,2,50,0,0,1,10,1,4,1,4
JabRef,org.jabref.logic.importer.fetcher,GrobidCitationFetcher,18,87,0,2,6,26,2,7,2,6
JabRef,org.jabref.logic.importer.fetcher,DiVA,3,37,0,0,1,10,1,5,1,5
JabRef,org.jabref.logic.importer.fetcher,ArXivFetcher.ArXiv.ArXivEntry,5,314,1,9,3,51,1,22,0,18
JabRef,org.jabref.logic.importer.fetcher,TitleFetcher,3,43,0,4,1,12,1,5,1,3
JabRef,org.jabref.logic.importer.fetcher,TrustLevel,0,49,0,0,0,10,0,3,0,3
JabRef,org.jabref.logic.importer.fetcher,ArXivFetcher.ArXiv,124,405,12,24,22,86,12,35,4,25
JabRef,org.jabref.logic.importer.fetcher,Medra,12,189,3,5,4,37,3,16,0,15
JabRef,org.jabref.logic.importer.fetcher,CrossRef,13,489,2,22,5,86,3,38,1,28
JabRef,org.jabref.logic.importer.fetcher,MrDLibFetcher,68,150,5,5,17,38,7,6,2,6
JabRef,org.jabref.logic.importer.fetcher,DOABFetcher,411,5,42,0,83,2,35,2,6,2
JabRef,org.jabref.logic.importer.fetcher,BibsonomyScraper,61,0,0,0,15,0,2,0,2,0
JabRef,org.jabref.logic.importer.fetcher,SemanticScholar,37,413,9,21,10,90,11,18,2,12
JabRef,org.jabref.logic.importer.fetcher,IacrEprintFetcher,36,256,3,13,5,58,4,18,1,13
JabRef,org.jabref.logic.importer.fetcher,ComplexSearchQuery.ComplexSearchQueryBuilder,170,224,31,24,33,38,31,16,5,11
JabRef,org.jabref.logic.importer.fetcher,RfcFetcher,3,39,0,4,1,10,1,6,1,4
JabRef,org.jabref.logic.importer.fetcher,AbstractIsbnFetcher,9,27,0,2,2,7,2,3,2,2
JabRef,org.jabref.logic.importer.fetcher,ResearchGate,218,230,11,7,58,64,12,13,5,11
JabRef,org.jabref.logic.importer.fetcher,DoiFetcher,79,372,14,28,21,75,15,20,2,12
JabRef,org.jabref.logic.importer.fetcher,DBLPFetcher,3,97,0,0,1,19,1,5,1,5
JabRef,org.jabref.logic.importer.fetcher,BiodiversityLibrary,74,424,12,10,13,80,9,17,0,15
JabRef,org.jabref.logic.importer.fetcher,LOBIDFetcher,2,426,7,19,0,95,7,23,0,17
JabRef,org.jabref.logic.importer.fetcher,OpenAccessDoi,13,72,0,2,5,22,0,9,0,8
JabRef,org.jabref.logic.importer.fetcher,CiteSeer,25,113,1,5,6,30,2,8,1,6
JabRef,org.jabref.logic.importer.fetcher,ZbMATH,30,255,2,8,0,55,7,12,5,9
JabRef,org.jabref.logic.importer.fetcher,ApsFetcher,7,91,2,6,4,24,3,6,1,4
JabRef,org.jabref.logic.importer.fetcher,CollectionOfComputerScienceBibliographiesParser,101,0,2,0,24,0,7,0,6,0
JabRef,org.jabref.logic.importer.fetcher,GoogleScholar,173,233,19,9,41,50,17,9,4,8
JabRef,org.jabref.logic.importer.fetcher,ScholarArchiveFetcher,10,331,4,12,3,64,4,14,0,10
JabRef,org.jabref.logic.importer.fetcher,CustomizableKeyFetcher,2,0,0,0,1,0,1,0,1,0
JabRef,org.jabref.logic.importer.fetcher,CompositeSearchBasedFetcher,28,59,1,3,5,16,4,7,3,6
JabRef,org.jabref.logic.importer.fetcher,JournalInformationFetcher,20,422,9,21,4,99,9,14,0,8
JabRef,org.jabref.logic.importer.fetcher,ScienceDirect,163,160,6,10,26,53,12,9,8,5
JabRef,org.jabref.logic.importer.fetcher,JstorFetcher,83,128,5,7,19,28,6,9,3,6
JabRef,org.jabref.logic.importer.fetcher,CollectionOfComputerScienceBibliographiesFetcher,142,0,6,0,33,0,10,0,7,0
JabRef,org.jabref.logic.importer.fetcher,MedlineFetcher,42,299,4,22,10,67,5,20,1,10
JabRef,org.jabref.gui.collab.entrychange,PreviewWithSourceTab,136,0,2,0,28,0,6,0,5,0
JabRef,org.jabref.gui.collab.entrychange,EntryChange,90,0,0,0,18,0,6,0,6,0
JabRef,org.jabref.gui.collab.entrychange,EntryChangeDetailsView,237,0,8,0,44,0,9,0,5,0
JabRef,org.jabref.gui.collab.entrychange,EntryChangeResolver,63,0,0,0,14,0,3,0,3,0
JabRef,org.jabref.gui.collab.entrychange,EntryWithPreviewAndSourceDetailsView,43,0,0,0,9,0,1,0,1,0
JabRef,org.jabref.logic.remote,RemoteMessage,0,27,0,0,0,5,0,1,0,1
JabRef,org.jabref.logic.remote,RemoteUtil,0,10,0,4,0,1,0,3,0,1
JabRef,org.jabref.logic.remote,RemotePreferences,6,48,0,2,2,12,2,8,2,7
JabRef,org.jabref.logic.remote,Protocol,28,141,1,9,9,37,1,10,0,6
JabRef,org.jabref.model.paging,Page,0,32,0,0,0,11,0,6,0,6
JabRef,org.jabref.logic.openoffice.backend,Backend52,597,0,49,0,152,0,49,0,22,0
JabRef,org.jabref.logic.openoffice.backend,NamedRangeReferenceMark,726,0,54,0,177,0,42,0,15,0
JabRef,org.jabref.logic.openoffice.backend,Codec52.ParsedMarkName,18,0,0,0,7,0,1,0,1,0
JabRef,org.jabref.logic.openoffice.backend,GetContext,107,0,14,0,28,0,9,0,2,0
JabRef,org.jabref.logic.openoffice.backend,NamedRangeManagerReferenceMark,21,0,0,0,6,0,5,0,5,0
JabRef,org.jabref.logic.openoffice.backend,Codec52,110,0,12,0,31,0,15,0,7,0
JabRef,org.jabref.gui.collab.stringdelete,BibTexStringDeleteDetailsView,88,0,0,0,13,0,1,0,1,0
JabRef,org.jabref.gui.collab.stringdelete,BibTexStringDelete,67,0,0,0,12,0,4,0,4,0
JabRef,org.jabref.gui.mergeentries.newmergedialog.fieldsmerger,KeywordMerger,0,20,0,0,0,6,0,2,0,2
JabRef,org.jabref.gui.mergeentries.newmergedialog.fieldsmerger,FileMerger,2,31,1,5,1,10,1,4,0,2
JabRef,org.jabref.gui.mergeentries.newmergedialog.fieldsmerger,CommentMerger,8,0,0,0,2,0,2,0,2,0
JabRef,org.jabref.gui.mergeentries.newmergedialog.fieldsmerger,GroupMerger,0,37,0,8,0,11,0,7,0,3
JabRef,org.jabref.gui.mergeentries.newmergedialog.fieldsmerger,FieldMergerFactory,21,38,7,9,5,8,5,6,0,3
JabRef,org.jabref.gui.libraryproperties.preamble,PreamblePropertiesView,35,0,0,0,10,0,3,0,3,0
JabRef,org.jabref.gui.libraryproperties.preamble,PreamblePropertiesViewModel,67,0,2,0,13,0,5,0,4,0
JabRef,org.jabref.gui.preferences.export,ExportTabViewModel,136,0,4,0,33,0,11,0,8,0
JabRef,org.jabref.gui.preferences.export,ExportTab,67,0,0,0,14,0,3,0,3,0
JabRef,org.jabref.http.dto,BibEntryDTO,106,0,2,0,27,0,7,0,6,0
JabRef,org.jabref.http.dto,GsonFactory,1,9,0,0,1,4,1,2,1,2
JabRef,org.jabref.gui.mergeentries.newmergedialog.cell.sidebuttons,InfoButton,53,0,0,0,12,0,3,0,3,0
JabRef,org.jabref.gui.mergeentries.newmergedialog.cell.sidebuttons,ToggleMergeUnmergeButton.ToggleMergeCommand.new Action() {...},22,0,0,0,3,0,3,0,3,0
JabRef,org.jabref.gui.mergeentries.newmergedialog.cell.sidebuttons,ToggleMergeUnmergeButton.ToggleMergeCommand.new Action() {...},22,0,0,0,3,0,3,0,3,0
JabRef,org.jabref.gui.mergeentries.newmergedialog.cell.sidebuttons,ToggleMergeUnmergeButton.ToggleMergeCommand,40,0,2,0,9,0,3,0,2,0
JabRef,org.jabref.gui.mergeentries.newmergedialog.cell.sidebuttons,InfoButton.new SimpleCommand() {...},4,0,0,0,2,0,2,0,2,0
JabRef,org.jabref.gui.mergeentries.newmergedialog.cell.sidebuttons,InfoButton.new Action() {...},15,0,0,0,3,0,3,0,3,0
JabRef,org.jabref.gui.mergeentries.newmergedialog.cell.sidebuttons,ToggleMergeUnmergeButton.FieldState,15,0,0,0,2,0,1,0,1,0
JabRef,org.jabref.gui.mergeentries.newmergedialog.cell.sidebuttons,ToggleMergeUnmergeButton,92,0,0,0,24,0,9,0,9,0
JabRef,org.jabref.gui.mergeentries,DiffHighlighting,303,0,20,0,60,0,21,0,9,0
JabRef,org.jabref.gui.mergeentries,DiffMode,70,0,0,0,13,0,4,0,4,0
JabRef,org.jabref.gui.mergeentries,MergeTwoEntriesAction,84,0,2,0,16,0,3,0,2,0
JabRef,org.jabref.gui.mergeentries,MultiMergeEntriesViewModel,126,0,14,0,27,0,15,0,8,0
JabRef,org.jabref.gui.mergeentries,MergeEntriesAction,123,0,6,0,30,0,7,0,4,0
JabRef,org.jabref.gui.mergeentries,MultiMergeEntriesView,521,0,32,0,108,0,37,0,21,0
JabRef,org.jabref.gui.mergeentries,MergeResult,12,0,0,0,1,0,1,0,1,0
JabRef,org.jabref.gui.mergeentries,MultiMergeEntriesViewModel.EntrySource,86,0,0,0,20,0,6,0,6,0
JabRef,org.jabref.gui.mergeentries,MultiMergeEntriesView.Cell,229,0,4,0,51,0,7,0,5,0
JabRef,org.jabref.gui.mergeentries,FetchAndMergeEntry,549,0,32,0,97,0,29,0,13,0
JabRef,org.jabref.gui.mergeentries,MultiMergeEntriesView.FieldRow,201,0,8,0,41,0,10,0,6,0
JabRef,org.jabref.gui.mergeentries,MergeEntriesDialog,101,0,2,0,23,0,7,0,6,0
JabRef,org.jabref.gui.mergeentries,MergeWithFetchedEntryAction,98,0,4,0,18,0,4,0,2,0
JabRef,org.jabref.gui.mergeentries,EntriesMergeResult,18,0,0,0,1,0,1,0,1,0
JabRef,org.jabref.gui.mergeentries,DiffHighlightingEllipsingTextFlow,429,0,48,0,85,0,41,0,16,0
JabRef,org.jabref.logic.openoffice.style,OOFormatBibliography,309,0,24,0,66,0,20,0,8,0
JabRef,org.jabref.logic.openoffice.style,OOPreFormatter,11,353,6,55,2,88,5,33,0,4
JabRef,org.jabref.logic.openoffice.style,StyleLoader,33,262,3,17,10,61,3,16,0,9
JabRef,org.jabref.logic.openoffice.style,OOProcessNumericMarkers,46,0,6,0,11,0,6,0,3,0
JabRef,org.jabref.logic.openoffice.style,OOBibStyleGetNumCitationMarker,35,418,10,54,7,89,10,29,0,7
JabRef,org.jabref.logic.openoffice.style,OOBibStyleGetCitationMarker,53,968,23,165,12,228,22,83,0,11
JabRef,org.jabref.logic.openoffice.style,OOBibStyle.BibStyleMode,0,39,0,0,0,7,0,1,0,1
JabRef,org.jabref.logic.openoffice.style,OOBibStyleGetCitationMarker.FieldAndContent,0,9,0,0,0,4,0,1,0,1
JabRef,org.jabref.logic.openoffice.style,OOProcess,83,0,8,0,19,0,9,0,5,0
JabRef,org.jabref.logic.openoffice.style,OOBibStyle,186,1031,27,53,53,215,49,86,27,64
JabRef,org.jabref.logic.openoffice.style,OOProcessCitationKeyMarkers,42,0,4,0,11,0,4,0,2,0
JabRef,org.jabref.logic.openoffice.style,OOBibStyleGetCitationMarker.AuthorYearMarkerPurpose,0,21,0,0,0,4,0,1,0,1
JabRef,org.jabref.logic.openoffice.style,OOBibStyleGetCitationMarker.CitationMarkerNormEntryWrap,10,10,0,0,4,4,4,2,4,2
JabRef,org.jabref.logic.openoffice.style,OOProcessAuthorYearMarkers,248,0,30,0,57,0,21,0,6,0
JabRef,org.jabref.logic.openoffice.frontend,UpdateBibliography,106,0,2,0,29,0,6,0,5,0
JabRef,org.jabref.logic.openoffice.frontend,OOFrontend,627,0,38,0,145,0,46,0,26,0
JabRef,org.jabref.logic.openoffice.frontend,UpdateCitationMarkers,145,0,18,0,39,0,13,0,4,0
JabRef,org.jabref.logic.openoffice.frontend,RangeForOverlapCheck,21,0,0,0,8,0,3,0,3,0
JabRef,org.jabref.gui.preferences.citationkeypattern,CitationKeyPatternTab,158,0,0,0,30,0,6,0,6,0
JabRef,org.jabref.gui.preferences.citationkeypattern,CitationKeyPatternTabViewModel,319,0,18,0,67,0,24,0,15,0
JabRef,org.jabref.logic.importer,PagedSearchBasedParserFetcher,25,43,0,0,6,9,0,4,0,4
JabRef,org.jabref.logic.importer,ImportCleanupBibtex,0,15,0,0,0,4,0,2,0,2
JabRef,org.jabref.logic.importer,FulltextFetcher,0,2,0,0,0,1,0,1,0,1
JabRef,org.jabref.logic.importer,CompositeSearchFirstComparator,0,16,0,2,0,4,0,3,0,2
JabRef,org.jabref.logic.importer,IdBasedParserFetcher,20,67,2,8,4,17,2,6,0,3
JabRef,org.jabref.logic.importer,AuthorListParser,0,960,6,182,0,218,6,97,0,8
JabRef,org.jabref.logic.importer,WebFetcher,2,5,0,0,1,1,1,1,1,1
JabRef,org.jabref.logic.importer,FetcherServerException,22,4,0,0,8,2,4,1,4,1
JabRef,org.jabref.logic.importer,ImportCleanupBiblatex,0,15,0,0,0,4,0,2,0,2
JabRef,org.jabref.logic.importer,CompositeIdFetcher,2,86,0,6,1,18,1,6,1,3
JabRef,org.jabref.logic.importer,Parser,0,9,0,0,0,1,0,1,0,1
JabRef,org.jabref.logic.importer,ImportFormatReader.UnknownFormatImport,0,9,0,0,0,1,0,1,0,1
JabRef,org.jabref.logic.importer,SearchBasedFetcher,6,19,0,2,2,6,0,2,0,1
JabRef,org.jabref.logic.importer,FetcherException,0,15,0,0,0,6,0,3,0,3
JabRef,org.jabref.logic.importer,SearchBasedParserFetcher,7,46,0,0,2,12,0,3,0,3
JabRef,org.jabref.logic.importer,ParseException,0,13,0,0,0,6,0,3,0,3
JabRef,org.jabref.logic.importer,FetcherClientException,22,4,0,0,8,2,4,1,4,1
JabRef,org.jabref.logic.importer,Importer,18,238,6,14,8,50,7,18,1,14
JabRef,org.jabref.logic.importer,IdParserFetcher,45,34,3,1,13,7,3,2,1,2
JabRef,org.jabref.logic.importer,ImportFormatReader,30,397,3,17,6,74,4,18,1,11
JabRef,org.jabref.logic.importer,ImportCleanup,6,18,1,2,0,5,1,3,0,2
JabRef,org.jabref.logic.importer,AuthorListParser.Token,0,27,0,0,0,5,0,1,0,1
JabRef,org.jabref.logic.importer,FetcherResult,0,15,0,0,0,6,0,3,0,3
JabRef,org.jabref.logic.importer,OpenDatabase,0,53,0,2,0,8,0,3,0,2
JabRef,org.jabref.logic.importer,ParserResult,43,164,4,10,14,44,9,25,5,22
JabRef,org.jabref.logic.importer,ImporterPreferences,150,0,0,0,44,0,23,0,23,0
JabRef,org.jabref.logic.importer,ImportException,9,4,0,0,4,2,2,1,2,1
JabRef,org.jabref.logic.importer,FulltextFetchers,34,142,1,3,13,35,2,16,1,15
JabRef,org.jabref.logic.importer,WebFetchers,96,472,8,1,18,74,9,6,3,6
JabRef,org.jabref.logic.importer,ImportFormatPreferences,21,0,0,0,1,0,1,0,1,0
JabRef,org.jabref.logic.importer,PagedSearchBasedFetcher,13,28,1,1,3,6,1,3,0,3
JabRef,org.jabref.logic.importer,QueryParser,3,36,0,0,2,9,0,2,0,2
JabRef,org.jabref.logic.importer,EntryBasedParserFetcher,22,31,0,2,7,8,1,2,1,1
JabRef,org.jabref.logic.remote.server,RemoteListenerServer,26,78,3,4,7,25,3,6,0,5
JabRef,org.jabref.logic.remote.server,RemoteListenerServerThread,0,33,0,0,0,11,0,4,0,4
JabRef,org.jabref.logic.remote.server,RemoteListenerServerManager,9,81,2,12,4,25,2,14,0,9
JabRef,org.jabref.logic.bibtex,FieldContentFormatter,0,55,0,2,0,13,0,5,0,4
JabRef,org.jabref.logic.bibtex,InvalidFieldValueException,0,4,0,0,0,2,0,1,0,1
JabRef,org.jabref.logic.bibtex,BibEntryWriter,0,366,0,24,0,87,0,27,0,15
JabRef,org.jabref.logic.bibtex,FieldPreferences,26,30,0,0,9,9,4,4,4,4
JabRef,org.jabref.logic.bibtex,FileFieldWriter,0,133,0,14,0,25,0,12,0,5
JabRef,org.jabref.logic.bibtex,FieldWriter,52,309,7,53,11,72,6,35,0,11
JabRef,org.jabref.logic.bibtex,TypedBibEntry,19,45,0,2,5,10,1,4,1,3
JabRef,org.jabref.logic.importer.fileformat.mods,Identifier,0,9,0,0,0,1,0,1,0,1
JabRef,org.jabref.logic.importer.fileformat.mods,Name,0,9,0,0,0,1,0,1,0,1
JabRef,org.jabref.logic.importer.fileformat.mods,RecordInfo,0,28,0,0,0,4,0,3,0,3
JabRef,org.jabref.gui.logging,GuiWriter,17,0,0,0,9,0,6,0,6,0
JabRef,org.jabref.logic.importer.fileformat,PdfContentImporter,387,829,72,104,78,192,58,49,2,17
JabRef,org.jabref.logic.importer.fileformat,RepecNepImporter,84,587,23,77,13,118,17,49,0,16
JabRef,org.jabref.logic.importer.fileformat,EndnoteXmlImporter,75,894,34,166,22,219,36,101,4,23
JabRef,org.jabref.logic.importer.fileformat,PdfMergeMetadataImporter,189,102,20,6,36,22,13,9,2,7
JabRef,org.jabref.logic.importer.fileformat,PdfEmbeddedBibFileImporter,48,186,12,18,12,49,12,15,2,10
JabRef,org.jabref.logic.importer.fileformat,CiteSeerParser,153,0,6,0,26,0,7,0,4,0
JabRef,org.jabref.logic.importer.fileformat,MrDLibImporter.RankedBibEntry,0,9,0,0,0,4,0,1,0,1
JabRef,org.jabref.logic.importer.fileformat,MsBibImporter.new ErrorHandler() {...},3,5,0,0,2,2,2,2,2,2
JabRef,org.jabref.logic.importer.fileformat,CffImporter.CffIdentifier,0,3,0,0,0,2,0,1,0,1
JabRef,org.jabref.logic.importer.fileformat,MrDLibImporter,19,270,5,17,6,55,6,22,1,16
JabRef,org.jabref.logic.importer.fileformat,CitaviXmlImporter.QuotationTypeMapping,0,76,0,0,0,14,0,4,0,4
JabRef,org.jabref.logic.importer.fileformat,BibtexImporter,9,210,0,12,3,54,1,16,1,10
JabRef,org.jabref.logic.importer.fileformat,PdfMergeMetadataImporter.EntryBasedFetcherWrapper,45,14,6,0,11,5,4,2,1,2
JabRef,org.jabref.logic.importer.fileformat,ACMPortalParser,19,488,9,43,6,94,9,25,0,8
JabRef,org.jabref.logic.importer.fileformat,CitaviXmlImporter,66,1169,17,67,14,218,21,82,4,55
JabRef,org.jabref.logic.importer.fileformat,SilverPlatterImporter,0,466,3,54,0,101,3,36,0,7
[...]
JabRef,org.jabref.model.entry.field,BiblatexApaField,42,119,2,2,14,26,5,8,4,7
JabRef,org.jabref.model.entry.field,UnknownField,33,65,1,3,12,17,6,9,5,8
JabRef,org.jabref.model.entry.field,BibField,20,36,2,2,5,6,4,3,2,3
JabRef,org.jabref.gui.remote,CLIMessageHandler,51,0,0,0,14,0,4,0,4,0
JabRef,org.jabref.logic.shared.listener,PostgresSQLNotificationListener,63,0,8,0,20,0,8,0,4,0
JabRef,org.jabref.logic.shared.listener,OracleNotificationListener,10,0,0,0,5,0,2,0,2,0
JabRef,org.jabref.logic.shared,DBMSType,0,90,0,0,0,15,0,8,0,8
JabRef,org.jabref.logic.shared,MySQLProcessor,137,0,8,0,27,0,9,0,5,0
JabRef,org.jabref.logic.shared,PostgreSQLProcessor,310,0,14,0,76,0,16,0,9,0
JabRef,org.jabref.logic.shared,DatabaseNotSupportedException,4,0,0,0,2,0,1,0,1,0
JabRef,org.jabref.logic.shared,DBMSConnectionProperties,275,103,38,8,48,24,41,5,18,5
JabRef,org.jabref.logic.shared,DatabaseLocation,0,15,0,0,0,3,0,1,0,1
JabRef,org.jabref.logic.shared,DBMSProcessor,1399,0,86,0,340,0,73,0,30,0
JabRef,org.jabref.logic.shared,DBMSSynchronizer,631,0,72,0,175,0,66,0,30,0
JabRef,org.jabref.logic.shared,DBMSConnection,31,57,1,3,8,15,3,4,2,3
JabRef,org.jabref.logic.shared,DBMSConnectionPropertiesBuilder,10,82,1,1,3,23,2,11,1,11
JabRef,org.jabref.logic.shared,OracleProcessor,403,0,16,0,96,0,19,0,11,0
JabRef,org.jabref.gui.cleanup,CleanupAction,324,0,26,0,70,0,22,0,9,0
JabRef,org.jabref.gui.cleanup,CleanupDialog,65,0,2,0,15,0,3,0,2,0
JabRef,org.jabref.gui.cleanup,CleanupPresetPanel,417,0,42,0,86,0,29,0,8,0
JabRef,org.jabref.gui.cleanup,CleanupSingleAction,186,0,12,0,44,0,12,0,6,0
JabRef,org.jabref.gui.maintable,OpenFolderAction,110,0,6,0,24,0,9,0,6,0
JabRef,org.jabref.gui.maintable,PersistenceVisualStateTable,106,0,0,0,25,0,14,0,14,0
JabRef,org.jabref.gui.maintable,MainTablePreferences,51,0,0,0,16,0,8,0,8,0
JabRef,org.jabref.gui.maintable,NameDisplayPreferences.DisplayStyle,0,27,0,0,0,2,0,1,0,1
JabRef,org.jabref.gui.maintable,MainTableColumnModel.Type,3,159,0,4,1,25,1,7,1,5
JabRef,org.jabref.gui.maintable,OpenUrlAction,144,0,16,0,37,0,11,0,3,0
JabRef,org.jabref.gui.maintable,OpenExternalFileAction,161,0,12,0,37,0,10,0,4,0
JabRef,org.jabref.gui.maintable,MainTableColumnFactory,567,0,21,0,140,0,40,0,26,0
JabRef,org.jabref.gui.maintable,CellFactory,207,0,4,0,45,0,4,0,2,0
JabRef,org.jabref.gui.maintable,MainTableHeaderContextMenu,415,0,28,0,87,0,27,0,13,0
JabRef,org.jabref.gui.maintable,MainTableDataModel,188,0,12,0,39,0,18,0,12,0
JabRef,org.jabref.gui.maintable,MainTableColumnModel,114,162,18,10,20,37,18,14,8,10
JabRef,org.jabref.gui.maintable,MainTableHeaderContextMenu.RightClickMenuItem,67,0,4,0,19,0,7,0,5,0
JabRef,org.jabref.gui.maintable,SearchShortScienceAction,79,0,2,0,20,0,5,0,4,0
JabRef,org.jabref.gui.maintable,ColumnPreferences,35,0,0,0,12,0,5,0,5,0
JabRef,org.jabref.gui.maintable,NameDisplayPreferences,16,31,0,0,6,8,4,3,4,3
JabRef,org.jabref.gui.maintable,NameDisplayPreferences.AbbreviationStyle,0,21,0,0,0,2,0,1,0,1
JabRef,org.jabref.gui.maintable,SmartConstrainedResizePolicy,239,0,10,0,48,0,13,0,8,0
JabRef,org.jabref.gui.maintable,MainTable,871,0,58,0,222,0,74,0,41,0
JabRef,org.jabref.gui.maintable,RightClickMenu,581,0,2,0,49,0,15,0,14,0
JabRef,org.jabref.gui.maintable,BibEntryTableViewModel,253,80,12,0,41,19,25,5,19,5
JabRef,org.jabref.gui.maintable,MainTableFieldValueFormatter,112,15,26,0,21,5,16,1,2,1
JabRef,org.jabref.gui.specialfields,SpecialFieldAction,272,0,32,0,46,0,21,0,5,0
JabRef,org.jabref.gui.specialfields,SpecialFieldValueViewModel,144,12,34,0,36,5,36,2,4,2
JabRef,org.jabref.gui.specialfields,SpecialFieldMenuItemFactory,113,0,2,0,17,0,6,0,5,0
JabRef,org.jabref.gui.specialfields,SpecialFieldViewModel,135,0,9,0,28,0,18,0,11,0
JabRef,org.jabref.gui.specialfields,SpecialFieldsPreferences,22,0,0,0,7,0,4,0,4,0
JabRef,org.jabref.gui.copyfiles,CopyFilesTask,320,0,14,0,64,0,14,0,7,0
JabRef,org.jabref.gui.copyfiles,CopyFilesDialogView,115,0,4,0,23,0,12,0,10,0
JabRef,org.jabref.gui.copyfiles,CopySingleFileAction,172,0,12,0,28,0,11,0,5,0
JabRef,org.jabref.gui.copyfiles,CopyFilesDialogViewModel,18,0,0,0,6,0,2,0,2,0
JabRef,org.jabref.gui.copyfiles,CopyFilesResultItemViewModel,55,0,2,0,13,0,6,0,5,0
JabRef,org.jabref.gui.copyfiles,CopyFilesAction,126,0,2,0,27,0,7,0,6,0
JabRef,org.jabref.gui.copyfiles,CopyFilesResultListDependency,27,0,0,0,8,0,4,0,4,0
JabRef,org.jabref.logic.auxparser,DefaultAuxParser,11,311,3,29,3,79,3,23,0,10
JabRef,org.jabref.logic.auxparser,AuxParserResult,0,93,0,2,0,25,0,15,0,14
JabRef,org.jabref.gui.fieldeditors,CitationKeyEditor,71,0,0,0,16,0,4,0,4,0
JabRef,org.jabref.gui.fieldeditors,PopOverUtil,111,0,4,0,29,0,7,0,5,0
JabRef,org.jabref.gui.fieldeditors,YesNoEditorViewModel,28,0,0,0,7,0,3,0,3,0
JabRef,org.jabref.gui.fieldeditors,JournalInfoOptInDialogHelper,75,0,8,0,20,0,6,0,2,0
JabRef,org.jabref.gui.fieldeditors,PersonsEditorViewModel,24,0,0,0,6,0,4,0,4,0
JabRef,org.jabref.gui.fieldeditors,EditorValidator,25,0,2,0,8,0,3,0,2,0
JabRef,org.jabref.gui.fieldeditors,TypeEditorViewModel,97,0,0,0,14,0,3,0,3,0
JabRef,org.jabref.gui.fieldeditors,ISSNEditorViewModel,65,0,0,0,14,0,5,0,5,0
JabRef,org.jabref.gui.fieldeditors,LinkedFileViewModel,748,368,43,19,148,68,57,18,33,11
JabRef,org.jabref.gui.fieldeditors,LinkedFilesEditorViewModel,377,170,22,4,80,39,30,9,17,9
JabRef,org.jabref.gui.fieldeditors,ISSNEditor,98,0,2,0,22,0,8,0,7,0
JabRef,org.jabref.gui.fieldeditors,PaginationEditorViewModel,79,0,0,0,12,0,3,0,3,0
JabRef,org.jabref.gui.fieldeditors,JournalEditor,88,0,2,0,19,0,7,0,6,0
JabRef,org.jabref.gui.fieldeditors,UrlEditor,84,0,0,0,17,0,6,0,6,0
JabRef,org.jabref.gui.fieldeditors,DateEditor,57,0,0,0,13,0,4,0,4,0
JabRef,org.jabref.gui.fieldeditors,DateEditorViewModel,19,0,0,0,5,0,3,0,3,0
JabRef,org.jabref.gui.fieldeditors,MapBasedEditorViewModel.new StringConverter() {...},34,0,4,0,7,0,5,0,3,0
JabRef,org.jabref.gui.fieldeditors,URLUtil,107,75,18,10,22,19,10,7,1,2
JabRef,org.jabref.gui.fieldeditors,CitationKeyEditorViewModel,33,0,0,0,7,0,2,0,2,0
JabRef,org.jabref.gui.fieldeditors,GroupEditor,112,0,8,0,24,0,11,0,7,0
JabRef,org.jabref.gui.fieldeditors,PersonsEditor,90,0,2,0,15,0,5,0,4,0
JabRef,org.jabref.gui.fieldeditors,MonthEditorViewModel,21,0,0,0,6,0,4,0,4,0
JabRef,org.jabref.gui.fieldeditors,LinkedEntriesEditor.TagContextAction,94,0,4,0,17,0,5,0,2,0
JabRef,org.jabref.gui.fieldeditors,AbstractEditorViewModel,103,31,5,1,18,8,10,1,7,1
JabRef,org.jabref.gui.fieldeditors,OptionEditor,79,0,0,0,19,0,5,0,5,0
JabRef,org.jabref.gui.fieldeditors,LinkedFilesEditor.ContextAction,282,0,36,0,40,0,32,0,7,0
JabRef,org.jabref.gui.fieldeditors,JournalEditorViewModel,51,0,2,0,14,0,5,0,4,0
JabRef,org.jabref.gui.fieldeditors,SimpleEditor,101,0,6,0,20,0,8,0,5,0
JabRef,org.jabref.gui.fieldeditors,LinkedEntriesEditorViewModel,38,0,0,0,9,0,5,0,5,0
JabRef,org.jabref.gui.fieldeditors,UrlEditorViewModel,69,0,6,0,16,0,8,0,5,0
JabRef,org.jabref.gui.fieldeditors,KeywordsEditor,10,0,0,0,3,0,2,0,2,0
JabRef,org.jabref.gui.fieldeditors,OptionEditorViewModel,7,0,0,0,2,0,1,0,1,0
JabRef,org.jabref.gui.fieldeditors,MapBasedEditorViewModel,40,0,0,0,9,0,5,0,5,0
JabRef,org.jabref.gui.fieldeditors,FieldNameLabel,588,0,103,0,121,0,98,0,2,0
JabRef,org.jabref.gui.fieldeditors,MonthEditorViewModel.new StringConverter() {...},33,0,6,0,9,0,6,0,3,0
JabRef,org.jabref.gui.fieldeditors,EditorTypeEditorViewModel,79,0,0,0,12,0,3,0,3,0
JabRef,org.jabref.gui.fieldeditors,LinkedEntriesEditor,243,0,4,0,44,0,14,0,12,0
JabRef,org.jabref.gui.fieldeditors,WriteMetadataToSinglePdfAction,160,0,2,0,34,0,8,0,7,0
JabRef,org.jabref.gui.fieldeditors,TextInputControlBehavior,409,0,36,0,81,0,21,0,3,0
JabRef,org.jabref.gui.fieldeditors,DateEditorViewModel.new StringConverter() {...},43,0,4,0,12,0,5,0,3,0
JabRef,org.jabref.gui.fieldeditors,EditorTextArea,44,21,0,0,14,8,6,2,6,2
JabRef,org.jabref.gui.fieldeditors,LinkedFilesEditor,859,0,20,0,152,0,33,0,23,0
JabRef,org.jabref.gui.fieldeditors,FieldEditorFX,17,0,0,0,8,0,3,0,3,0
JabRef,org.jabref.gui.fieldeditors,FieldEditors,353,0,48,0,59,0,28,0,4,0
JabRef,org.jabref.gui.fieldeditors,EditorTextField,30,21,0,0,7,8,3,2,3,2
JabRef,org.jabref.gui.fieldeditors,OwnerEditorViewModel,18,0,0,0,5,0,2,0,2,0
JabRef,org.jabref.gui.fieldeditors,OwnerEditor,60,0,0,0,15,0,5,0,5,0
JabRef,org.jabref.gui.fieldeditors,SimpleEditorViewModel,11,0,0,0,3,0,2,0,2,0
JabRef,org.jabref.gui.fieldeditors,LinkedEntriesEditorViewModel.new StringConverter() {...},22,0,2,0,5,0,4,0,3,0
JabRef,org.jabref.gui.fieldeditors,PatentTypeEditorViewModel,124,0,0,0,17,0,3,0,3,0
JabRef,org.jabref.gui.fieldeditors,GenderEditorViewModel,79,0,0,0,12,0,3,0,3,0
JabRef,org.jabref.gui.util.comparator,SpecialFieldComparator,0,28,0,6,0,8,0,5,0,2
JabRef,org.jabref.gui.util.comparator,RankingFieldComparator,0,36,0,8,0,11,0,6,0,2
JabRef,org.jabref.gui.util.comparator,NumericFieldComparator,12,55,6,14,5,23,4,8,0,2
JabRef,org.jabref.gui.libraryproperties,AbstractPropertiesTabView,17,0,0,0,7,0,5,0,5,0
JabRef,org.jabref.gui.libraryproperties,LibraryPropertiesViewModel,63,0,4,0,12,0,6,0,4,0
JabRef,org.jabref.gui.libraryproperties,LibraryPropertiesAction,62,0,4,0,15,0,6,0,4,0
JabRef,org.jabref.gui.libraryproperties,LibraryPropertiesView,128,0,6,0,27,0,7,0,4,0
JabRef,org.jabref.gui.libraryproperties,PropertiesTabViewModel,2,0,0,0,1,0,1,0,1,0
JabRef,org.jabref.model.groups,WordKeywordGroup.KeywordListSearchStrategy,0,31,0,0,0,5,0,2,0,2
JabRef,org.jabref.model.groups,SearchGroup,75,65,6,6,9,14,10,6,4,6
JabRef,org.jabref.model.groups,AutomaticPersonsGroup,24,53,3,3,4,13,5,5,2,5
JabRef,org.jabref.model.groups,WordKeywordGroup,29,296,9,29,4,55,10,18,1,8
JabRef,org.jabref.model.groups,AllEntriesGroup,13,22,2,2,3,4,5,3,3,3
JabRef,org.jabref.model.groups,GroupHierarchyType,5,44,2,2,2,10,3,3,1,3
JabRef,org.jabref.model.groups,GroupEntryChanger,0,10,0,0,0,2,0,2,0,2
JabRef,org.jabref.model.groups,AutomaticKeywordGroup,34,108,5,5,4,26,7,8,2,8
JabRef,org.jabref.model.groups,WordKeywordGroup.StringSearchStrategy,0,34,0,2,0,7,0,3,0,2
JabRef,org.jabref.model.groups,AutomaticGroup,2,22,0,0,1,6,1,4,1,4
JabRef,org.jabref.model.groups,GroupTreeNode,63,404,15,53,15,90,16,44,4,22
JabRef,org.jabref.model.groups,LastNameGroup,26,29,0,0,2,10,3,2,3,2
JabRef,org.jabref.model.groups,TexGroup,71,159,5,5,14,32,10,12,5,12
JabRef,org.jabref.model.groups,KeywordGroup,9,86,7,7,4,14,8,6,1,6
JabRef,org.jabref.model.groups,RegexKeywordGroup,75,60,8,8,8,11,12,3,4,3
JabRef,org.jabref.model.groups,WordKeywordGroup.TypeSearchStrategy,32,0,0,0,8,0,4,0,4,0
JabRef,org.jabref.model.groups,ExplicitGroup,64,87,8,10,6,19,11,6,3,5
JabRef,org.jabref.model.groups,AbstractGroup,27,191,6,20,5,48,8,24,2,17
JabRef,org.jabref.logic.shared.exception,OfflineLockException,16,0,0,0,6,0,3,0,3,0
JabRef,org.jabref.logic.shared.exception,SharedEntryNotPresentException,10,0,0,0,4,0,2,0,2,0
JabRef,org.jabref.logic.shared.exception,NotASharedDatabaseException,4,0,0,0,2,0,1,0,1,0
JabRef,org.jabref.logic.shared.exception,InvalidDBMSConnectionPropertiesException,4,0,0,0,2,0,1,0,1,0
JabRef,org.jabref.http.server,RootResource,5,0,0,0,2,0,2,0,2,0
JabRef,org.jabref.http.server,LibraryResource,70,79,0,0,12,21,3,7,3,7
JabRef,org.jabref.http.server,LibrariesResource,0,25,0,0,0,5,0,3,0,3
JabRef,org.jabref.http.server,Server,212,0,10,0,56,0,16,0,11,0
JabRef,org.jabref.http.server,Application,36,0,0,0,6,0,3,0,3,0
JabRef,org.jabref.http.server,CORSFilter,40,0,4,0,10,0,4,0,2,0
JabRef,org.jabref.logic.net,URLDownload.new X509TrustManager() {...},8,0,0,0,4,0,4,0,4,0
JabRef,org.jabref.logic.net,ProxyPreferences,179,76,20,0,41,16,26,8,16,8
JabRef,org.jabref.logic.net,ProxyAuthenticator,51,0,6,0,10,0,5,0,2,0
JabRef,org.jabref.logic.net,ProxyRegisterer,69,0,4,0,17,0,3,0,1,0
JabRef,org.jabref.logic.net,URLDownload,142,400,18,28,41,93,17,33,3,24
JabRef,org.jabref.logic.net,ProgressInputStream,27,72,0,4,7,15,7,8,7,6
JabRef,org.jabref.gui.edit.automaticfiededitor.copyormovecontent,CopyOrMoveFieldContentTabViewModel,32,317,10,18,8,65,15,14,6,9
JabRef,org.jabref.gui.edit.automaticfiededitor.copyormovecontent,CopyOrMoveFieldContentTabView,175,0,0,0,36,0,10,0,10,0
JabRef,org.jabref.gui.desktop.os,DefaultDesktop,36,0,0,0,12,0,7,0,7,0
JabRef,org.jabref.gui.desktop.os,NativeDesktop,72,22,6,0,21,5,8,3,5,3
JabRef,org.jabref.gui.desktop.os,Linux,636,0,38,0,112,0,29,0,10,0
JabRef,org.jabref.gui.desktop.os,OSX,134,0,8,0,18,0,11,0,7,0
JabRef,org.jabref.gui.desktop.os,Windows,216,9,18,0,39,2,16,2,7,2
JabRef,org.jabref.gui.preferences.linkedfiles,LinkedFilesTabViewModel,351,0,20,0,75,0,31,0,20,0
JabRef,org.jabref.gui.preferences.linkedfiles,LinkedFilesTab,185,0,0,0,29,0,5,0,5,0
JabRef,org.jabref.migrations,SpecialFieldsToSeparateFields,0,151,1,5,0,33,1,6,0,4
JabRef,org.jabref.migrations,CustomEntryTypePreferenceMigration,123,0,6,0,28,0,5,0,2,0
JabRef,org.jabref.migrations,ConvertLegacyExplicitGroups,0,100,0,12,0,21,0,10,0,4
JabRef,org.jabref.migrations,PreferencesMigrations,654,479,65,31,165,116,50,23,12,13
JabRef,org.jabref.migrations,MergeReviewIntoCommentMigration,79,80,3,3,11,19,8,10,5,10
JabRef,org.jabref.migrations,ConvertMarkingToGroups,7,156,2,10,1,37,2,10,0,6
JabRef,org.jabref.gui.preferences.nameformatter,NameFormatterTabViewModel,174,0,10,0,36,0,14,0,9,0
JabRef,org.jabref.gui.preferences.nameformatter,NameFormatterItemModel,64,0,0,0,19,0,10,0,10,0
JabRef,org.jabref.gui.preferences.nameformatter,NameFormatterTab,266,0,6,0,56,0,19,0,16,0
JabRef,org.jabref.logic.logging,LogMessages,27,0,0,0,10,0,6,0,6,0
JabRef,org.jabref.gui.documentviewer,PdfDocumentViewModel,0,45,0,2,0,9,0,3,0,2
JabRef,org.jabref.gui.documentviewer,PageDimension.FixedWidthPageDimension,16,0,0,0,5,0,3,0,3,0
JabRef,org.jabref.gui.documentviewer,DocumentViewerView,232,0,2,0,61,0,19,0,18,0
JabRef,org.jabref.gui.documentviewer,DocumentViewModel,4,11,0,0,1,3,1,2,1,2
JabRef,org.jabref.gui.documentviewer,DocumentViewerControl,236,0,12,0,50,0,23,0,17,0
JabRef,org.jabref.gui.documentviewer,PageDimension.FixedHeightPageDimension,16,0,0,0,5,0,3,0,3,0
JabRef,org.jabref.gui.documentviewer,DocumentPageViewModel,0,3,0,0,0,1,0,1,0,1
JabRef,org.jabref.gui.documentviewer,ShowDocumentViewerAction,22,0,0,0,6,0,2,0,2,0
JabRef,org.jabref.gui.documentviewer,PdfDocumentPageViewModel,111,14,6,0,23,5,8,1,5,1
JabRef,org.jabref.gui.documentviewer,PageDimension,21,0,0,0,5,0,5,0,5,0
JabRef,org.jabref.gui.documentviewer,DocumentViewerControl.DocumentViewerPage,214,0,0,0,46,0,13,0,13,0
JabRef,org.jabref.gui.documentviewer,DocumentViewerViewModel,210,0,12,0,55,0,27,0,21,0
JabRef,org.jabref.model.groups.event,GroupUpdatedEvent,3,6,0,0,1,3,1,1,1,1
JabRef,org.jabref.model.util,OptionalUtil,50,72,10,14,9,14,12,14,6,8
JabRef,org.jabref.model.util,ListUtil,3,36,0,8,1,10,1,6,1,2
JabRef,org.jabref.model.util,ResultingStringState,0,9,0,0,0,4,0,1,0,1
JabRef,org.jabref.model.util,TreeCollector,21,130,2,8,5,31,4,15,3,11
JabRef,org.jabref.model.util,MultiKeyMap,5,55,1,3,1,16,1,5,0,4
JabRef,org.jabref.model.util,DummyFileUpdateMonitor,4,4,0,0,3,2,3,2,3,2
JabRef,org.jabref.logic.texparser,DefaultLatexParser,18,323,5,27,7,60,6,19,1,8
JabRef,org.jabref.logic.texparser,TexBibEntriesResolver,10,162,0,2,3,22,0,13,0,12
JabRef,org.jabref.gui.util.component,TemporalAccessorPicker.new StringConverter() {...},32,0,2,0,7,0,4,0,3,0
JabRef,org.jabref.gui.util.component,TemporalAccessorPicker.InternalConverter,44,6,6,0,8,1,5,1,2,1
JabRef,org.jabref.gui.util.component,TemporalAccessorPicker,90,41,7,1,25,10,14,2,10,2
JabRef,org.jabref.gui.entryeditor.citationrelationtab.semanticscholar,SemanticScholarFetcher,195,0,12,0,48,0,16,0,10,0
JabRef,org.jabref.gui.entryeditor.citationrelationtab.semanticscholar,CitationFetcher.SearchType,0,25,0,0,0,6,0,2,0,2
JabRef,org.jabref.gui.entryeditor.citationrelationtab.semanticscholar,AuthorResponse,17,0,0,0,7,0,5,0,5,0
JabRef,org.jabref.gui.entryeditor.citationrelationtab.semanticscholar,PaperDetails,89,0,2,0,27,0,15,0,14,0
JabRef,org.jabref.gui.entryeditor.citationrelationtab.semanticscholar,ReferencesResponse,24,0,0,0,10,0,7,0,7,0
JabRef,org.jabref.gui.entryeditor.citationrelationtab.semanticscholar,CitationsResponse,24,0,0,0,10,0,7,0,7,0
JabRef,org.jabref.gui.entryeditor.citationrelationtab.semanticscholar,CitationDataItem,10,0,0,0,4,0,3,0,3,0
JabRef,org.jabref.gui.entryeditor.citationrelationtab.semanticscholar,ReferenceDataItem,6,0,0,0,2,0,2,0,2,0
JabRef,org.jabref.gui.exporter,SaveAllAction,63,0,4,0,14,0,4,0,2,0
JabRef,org.jabref.gui.exporter,ExportToClipboardAction.ExportResult,0,9,0,0,0,1,0,1,0,1
JabRef,org.jabref.gui.exporter,CreateModifyExporterDialogViewModel,177,0,12,0,36,0,14,0,8,0
JabRef,org.jabref.gui.exporter,WriteMetadataToLinkedPdfsAction,119,0,8,0,31,0,7,0,3,0
JabRef,org.jabref.gui.exporter,ExportCommand,275,0,6,0,67,0,14,0,11,0
JabRef,org.jabref.gui.exporter,ExporterViewModel,54,0,0,0,14,0,5,0,5,0
JabRef,org.jabref.gui.exporter,SaveDatabaseAction.SaveDatabaseMode,0,15,0,0,0,2,0,1,0,1
JabRef,org.jabref.gui.exporter,ExportToClipboardAction,34,248,7,5,9,51,6,11,1,10
JabRef,org.jabref.gui.exporter,SaveAction,56,0,6,0,16,0,6,0,2,0
JabRef,org.jabref.gui.exporter,SaveDatabaseAction,431,267,23,11,74,62,26,13,11,11
JabRef,org.jabref.gui.exporter,CreateModifyExporterDialogView,68,0,2,0,18,0,5,0,4,0
JabRef,org.jabref.gui.exporter,ExportCommand.ExportMethod,15,0,0,0,1,0,1,0,1,0
JabRef,org.jabref.gui.exporter,WriteMetadataToLinkedPdfsAction.WriteMetaDataTask,259,0,12,0,52,0,9,0,3,0
JabRef,org.jabref.gui.exporter,SaveAction.SaveMethod,21,0,0,0,1,0,1,0,1,0
JabRef,org.jabref.gui.libraryproperties.constants,ConstantsPropertiesView,272,0,4,0,57,0,16,0,14,0
JabRef,org.jabref.gui.libraryproperties.constants,ConstantsPropertiesViewModel,99,82,4,0,24,20,11,7,9,7
JabRef,org.jabref.gui.libraryproperties.constants,ConstantsItemModel,60,95,7,7,14,21,12,6,5,6
JabRef,org.jabref.gui.externalfiles,FileExtensionViewModel,26,25,0,0,4,6,2,2,2,2
JabRef,org.jabref.gui.externalfiles,AutoLinkFilesAction.new Task() {...},98,0,6,0,19,0,6,0,3,0
JabRef,org.jabref.gui.externalfiles,DownloadFullTextAction.new Task() {...},57,0,2,0,11,0,3,0,2,0
JabRef,org.jabref.gui.externalfiles,FindUnlinkedFilesAction,23,0,0,0,7,0,2,0,2,0
JabRef,org.jabref.gui.externalfiles,DateRange,3,61,0,0,1,9,1,2,1,2
JabRef,org.jabref.gui.externalfiles,DownloadFullTextAction,233,0,14,0,52,0,13,0,6,0
JabRef,org.jabref.gui.externalfiles,GitIgnoreFileFilter,10,117,1,11,3,25,1,14,0,9
JabRef,org.jabref.gui.externalfiles,DuplicateDecisionResult,0,9,0,0,0,1,0,1,0,1
JabRef,org.jabref.gui.externalfiles,ImportFilesResultItemViewModel,64,0,2,0,14,0,6,0,5,0
JabRef,org.jabref.gui.externalfiles,AutoSetFileLinksUtil,113,117,14,4,28,26,12,6,4,5
JabRef,org.jabref.gui.externalfiles,UnlinkedFilesDialogViewModel,568,0,16,0,130,0,42,0,34,0
JabRef,org.jabref.gui.externalfiles,ImportHandler.new BackgroundTask() {...},260,0,14,0,46,0,13,0,6,0
JabRef,org.jabref.gui.externalfiles,ExternalFileSorter,3,41,0,0,1,7,1,2,1,2
JabRef,org.jabref.gui.externalfiles,ImportHandler,380,165,31,5,90,42,31,13,14,11
JabRef,org.jabref.gui.externalfiles,AutoLinkFilesAction,99,0,0,0,21,0,3,0,3,0
JabRef,org.jabref.gui.externalfiles,UnlinkedFilesCrawler,45,155,4,8,8,33,5,6,1,4
JabRef,org.jabref.gui.externalfiles,FileFilterUtils,42,120,8,2,8,39,8,13,0,13
JabRef,org.jabref.gui.externalfiles,ChainedFilters,7,21,0,0,3,6,0,4,0,4
JabRef,org.jabref.gui.externalfiles,UnlinkedFilesDialogView,575,0,10,0,118,0,33,0,28,0
JabRef,org.jabref.gui.externalfiles,UnlinkedPDFFileFilter,2,38,3,5,1,6,3,3,0,2
JabRef,org.jabref.gui.externalfiles,AutoSetFileLinksUtil.LinkFilesResult,31,0,0,0,9,0,5,0,5,0
JabRef,org.jabref.gui.externalfiles,UnlinkedFilesDialogView.SearchContextAction,52,0,5,0,10,0,6,0,2,0
JabRef,org.jabref.gui.externalfiles,ExternalFilesEntryLinker,260,31,14,0,66,8,16,2,9,2
JabRef,org.jabref.gui.edit.automaticfiededitor.editfieldcontent,EditFieldContentViewModel,14,296,3,21,4,66,5,22,2,13
JabRef,org.jabref.gui.edit.automaticfiededitor.editfieldcontent,EditFieldContentTabView,150,0,0,0,30,0,8,0,8,0
JabRef,org.jabref.gui.preferences.entryeditor,EntryEditorTabViewModel,424,0,12,0,86,0,23,0,17,0
JabRef,org.jabref.gui.preferences.entryeditor,EntryEditorTab,146,0,0,0,24,0,4,0,4,0
